{"C:\\Users\\user\\Desktop\\projects\\finance-tracker\\server\\src\\constants\\error.constants.ts": {"path":"C:\\Users\\user\\Desktop\\projects\\finance-tracker\\server\\src\\constants\\error.constants.ts","statementMap":{"0":{"start":{"line":1,"column":13},"end":{"line":1,"column":38}},"1":{"start":{"line":2,"column":13},"end":{"line":2,"column":82}},"2":{"start":{"line":3,"column":13},"end":{"line":3,"column":53}},"3":{"start":{"line":4,"column":13},"end":{"line":4,"column":44}},"4":{"start":{"line":5,"column":13},"end":{"line":5,"column":null}},"5":{"start":{"line":6,"column":13},"end":{"line":6,"column":54}},"6":{"start":{"line":7,"column":13},"end":{"line":7,"column":83}},"7":{"start":{"line":8,"column":13},"end":{"line":8,"column":null}},"8":{"start":{"line":9,"column":13},"end":{"line":9,"column":38}},"9":{"start":{"line":10,"column":13},"end":{"line":10,"column":56}},"10":{"start":{"line":11,"column":13},"end":{"line":11,"column":58}}},"fnMap":{},"branchMap":{},"s":{"0":1,"1":1,"2":1,"3":1,"4":1,"5":1,"6":1,"7":1,"8":1,"9":1,"10":1},"f":{},"b":{}}
,"C:\\Users\\user\\Desktop\\projects\\finance-tracker\\server\\src\\entity\\Category.ts": {"path":"C:\\Users\\user\\Desktop\\projects\\finance-tracker\\server\\src\\entity\\Category.ts","statementMap":{"0":{"start":{"line":1,"column":0},"end":{"line":1,"column":30}},"1":{"start":{"line":2,"column":0},"end":{"line":2,"column":null}},"2":{"start":{"line":12,"column":0},"end":{"line":12,"column":54}},"3":{"start":{"line":13,"column":0},"end":{"line":13,"column":36}},"4":{"start":{"line":17,"column":0},"end":{"line":38,"column":null}},"5":{"start":{"line":21,"column":2},"end":{"line":21,"column":null}},"6":{"start":{"line":19,"column":15},"end":{"line":19,"column":18}},"7":{"start":{"line":25,"column":2},"end":{"line":25,"column":null}},"8":{"start":{"line":28,"column":2},"end":{"line":28,"column":null}},"9":{"start":{"line":27,"column":19},"end":{"line":27,"column":23}},"10":{"start":{"line":27,"column":33},"end":{"line":27,"column":48}},"11":{"start":{"line":31,"column":2},"end":{"line":31,"column":null}},"12":{"start":{"line":34,"column":2},"end":{"line":34,"column":null}},"13":{"start":{"line":37,"column":2},"end":{"line":37,"column":null}},"14":{"start":{"line":36,"column":19},"end":{"line":36,"column":26}},"15":{"start":{"line":36,"column":39},"end":{"line":36,"column":55}},"16":{"start":{"line":17,"column":13},"end":{"line":38,"column":null}},"17":{"start":{"line":17,"column":13},"end":{"line":17,"column":21}}},"fnMap":{"0":{"name":"(anonymous_2)","decl":{"start":{"line":19,"column":9},"end":{"line":19,"column":12}},"loc":{"start":{"line":19,"column":15},"end":{"line":19,"column":18}}},"1":{"name":"(anonymous_3)","decl":{"start":{"line":27,"column":13},"end":{"line":27,"column":16}},"loc":{"start":{"line":27,"column":19},"end":{"line":27,"column":23}}},"2":{"name":"(anonymous_4)","decl":{"start":{"line":27,"column":25},"end":{"line":27,"column":29}},"loc":{"start":{"line":27,"column":33},"end":{"line":27,"column":48}}},"3":{"name":"(anonymous_5)","decl":{"start":{"line":36,"column":13},"end":{"line":36,"column":16}},"loc":{"start":{"line":36,"column":19},"end":{"line":36,"column":26}}},"4":{"name":"(anonymous_6)","decl":{"start":{"line":36,"column":28},"end":{"line":36,"column":35}},"loc":{"start":{"line":36,"column":39},"end":{"line":36,"column":55}}}},"branchMap":{},"s":{"0":1,"1":1,"2":1,"3":1,"4":1,"5":1,"6":0,"7":1,"8":1,"9":0,"10":0,"11":1,"12":1,"13":1,"14":0,"15":0,"16":1,"17":1},"f":{"0":0,"1":0,"2":0,"3":0,"4":0},"b":{}}
,"C:\\Users\\user\\Desktop\\projects\\finance-tracker\\server\\src\\entity\\Expense.ts": {"path":"C:\\Users\\user\\Desktop\\projects\\finance-tracker\\server\\src\\entity\\Expense.ts","statementMap":{"0":{"start":{"line":1,"column":0},"end":{"line":1,"column":null}},"1":{"start":{"line":10,"column":0},"end":{"line":10,"column":61}},"2":{"start":{"line":11,"column":0},"end":{"line":11,"column":38}},"3":{"start":{"line":15,"column":0},"end":{"line":36,"column":null}},"4":{"start":{"line":19,"column":2},"end":{"line":19,"column":null}},"5":{"start":{"line":17,"column":15},"end":{"line":17,"column":18}},"6":{"start":{"line":23,"column":2},"end":{"line":23,"column":null}},"7":{"start":{"line":21,"column":15},"end":{"line":21,"column":20}},"8":{"start":{"line":29,"column":2},"end":{"line":29,"column":null}},"9":{"start":{"line":25,"column":19},"end":{"line":25,"column":27}},"10":{"start":{"line":25,"column":41},"end":{"line":25,"column":58}},"11":{"start":{"line":32,"column":2},"end":{"line":32,"column":null}},"12":{"start":{"line":35,"column":2},"end":{"line":35,"column":null}},"13":{"start":{"line":15,"column":13},"end":{"line":36,"column":null}},"14":{"start":{"line":15,"column":13},"end":{"line":15,"column":20}}},"fnMap":{"0":{"name":"(anonymous_2)","decl":{"start":{"line":17,"column":9},"end":{"line":17,"column":12}},"loc":{"start":{"line":17,"column":15},"end":{"line":17,"column":18}}},"1":{"name":"(anonymous_3)","decl":{"start":{"line":21,"column":9},"end":{"line":21,"column":12}},"loc":{"start":{"line":21,"column":15},"end":{"line":21,"column":20}}},"2":{"name":"(anonymous_4)","decl":{"start":{"line":25,"column":13},"end":{"line":25,"column":16}},"loc":{"start":{"line":25,"column":19},"end":{"line":25,"column":27}}},"3":{"name":"(anonymous_5)","decl":{"start":{"line":25,"column":29},"end":{"line":25,"column":37}},"loc":{"start":{"line":25,"column":41},"end":{"line":25,"column":58}}}},"branchMap":{},"s":{"0":1,"1":1,"2":1,"3":1,"4":1,"5":0,"6":1,"7":0,"8":1,"9":0,"10":0,"11":1,"12":1,"13":1,"14":1},"f":{"0":0,"1":0,"2":0,"3":0},"b":{}}
,"C:\\Users\\user\\Desktop\\projects\\finance-tracker\\server\\src\\entity\\User.ts": {"path":"C:\\Users\\user\\Desktop\\projects\\finance-tracker\\server\\src\\entity\\User.ts","statementMap":{"0":{"start":{"line":1,"column":0},"end":{"line":1,"column":null}},"1":{"start":{"line":10,"column":0},"end":{"line":10,"column":54}},"2":{"start":{"line":11,"column":0},"end":{"line":11,"column":38}},"3":{"start":{"line":15,"column":0},"end":{"line":39,"column":null}},"4":{"start":{"line":19,"column":2},"end":{"line":19,"column":null}},"5":{"start":{"line":17,"column":15},"end":{"line":17,"column":18}},"6":{"start":{"line":23,"column":2},"end":{"line":23,"column":null}},"7":{"start":{"line":26,"column":2},"end":{"line":26,"column":null}},"8":{"start":{"line":29,"column":2},"end":{"line":29,"column":null}},"9":{"start":{"line":32,"column":2},"end":{"line":32,"column":null}},"10":{"start":{"line":31,"column":19},"end":{"line":31,"column":27}},"11":{"start":{"line":31,"column":41},"end":{"line":31,"column":54}},"12":{"start":{"line":35,"column":2},"end":{"line":35,"column":null}},"13":{"start":{"line":38,"column":2},"end":{"line":38,"column":null}},"14":{"start":{"line":15,"column":13},"end":{"line":39,"column":null}},"15":{"start":{"line":15,"column":13},"end":{"line":15,"column":17}}},"fnMap":{"0":{"name":"(anonymous_2)","decl":{"start":{"line":17,"column":9},"end":{"line":17,"column":12}},"loc":{"start":{"line":17,"column":15},"end":{"line":17,"column":18}}},"1":{"name":"(anonymous_3)","decl":{"start":{"line":31,"column":13},"end":{"line":31,"column":16}},"loc":{"start":{"line":31,"column":19},"end":{"line":31,"column":27}}},"2":{"name":"(anonymous_4)","decl":{"start":{"line":31,"column":29},"end":{"line":31,"column":37}},"loc":{"start":{"line":31,"column":41},"end":{"line":31,"column":54}}}},"branchMap":{},"s":{"0":1,"1":1,"2":1,"3":1,"4":1,"5":0,"6":1,"7":1,"8":1,"9":1,"10":0,"11":0,"12":1,"13":1,"14":1,"15":1},"f":{"0":0,"1":0,"2":0},"b":{}}
,"C:\\Users\\user\\Desktop\\projects\\finance-tracker\\server\\src\\tests\\utils\\categoryInfo.ts": {"path":"C:\\Users\\user\\Desktop\\projects\\finance-tracker\\server\\src\\tests\\utils\\categoryInfo.ts","statementMap":{"0":{"start":{"line":4,"column":13},"end":{"line":6,"column":null}},"1":{"start":{"line":5,"column":2},"end":{"line":5,"column":24}},"2":{"start":{"line":8,"column":13},"end":{"line":8,"column":44}},"3":{"start":{"line":8,"column":35},"end":{"line":8,"column":43}},"4":{"start":{"line":10,"column":13},"end":{"line":12,"column":null}},"5":{"start":{"line":11,"column":2},"end":{"line":11,"column":22}},"6":{"start":{"line":14,"column":13},"end":{"line":14,"column":50}},"7":{"start":{"line":14,"column":37},"end":{"line":14,"column":49}}},"fnMap":{"0":{"name":"(anonymous_0)","decl":{"start":{"line":4,"column":29},"end":{"line":4,"column":30}},"loc":{"start":{"line":4,"column":61},"end":{"line":6,"column":1}}},"1":{"name":"(anonymous_1)","decl":{"start":{"line":8,"column":29},"end":{"line":8,"column":32}},"loc":{"start":{"line":8,"column":35},"end":{"line":8,"column":43}}},"2":{"name":"(anonymous_2)","decl":{"start":{"line":10,"column":31},"end":{"line":10,"column":32}},"loc":{"start":{"line":10,"column":48},"end":{"line":12,"column":1}}},"3":{"name":"(anonymous_3)","decl":{"start":{"line":14,"column":31},"end":{"line":14,"column":34}},"loc":{"start":{"line":14,"column":37},"end":{"line":14,"column":49}}}},"branchMap":{},"s":{"0":1,"1":2,"2":1,"3":3,"4":1,"5":1,"6":1,"7":2},"f":{"0":2,"1":3,"2":1,"3":2},"b":{}}
,"C:\\Users\\user\\Desktop\\projects\\finance-tracker\\server\\src\\tests\\utils\\getClientWithTokenInterceptor.ts": {"path":"C:\\Users\\user\\Desktop\\projects\\finance-tracker\\server\\src\\tests\\utils\\getClientWithTokenInterceptor.ts","statementMap":{"0":{"start":{"line":1,"column":0},"end":{"line":1,"column":57}},"1":{"start":{"line":2,"column":0},"end":{"line":2,"column":56}},"2":{"start":{"line":4,"column":27},"end":{"line":4,"column":58}},"3":{"start":{"line":6,"column":13},"end":{"line":15,"column":null}},"4":{"start":{"line":6,"column":56},"end":{"line":15,"column":null}},"5":{"start":{"line":7,"column":24},"end":{"line":7,"column":91}},"6":{"start":{"line":8,"column":14},"end":{"line":8,"column":45}},"7":{"start":{"line":10,"column":2},"end":{"line":14,"column":5}}},"fnMap":{"0":{"name":"(anonymous_7)","decl":{"start":{"line":6,"column":45},"end":{"line":6,"column":54}},"loc":{"start":{"line":6,"column":56},"end":{"line":15,"column":null}}},"1":{"name":"(anonymous_8)","decl":{"start":{"line":6,"column":56},"end":{"line":6,"column":null}},"loc":{"start":{"line":6,"column":56},"end":{"line":15,"column":1}}}},"branchMap":{},"s":{"0":1,"1":1,"2":1,"3":1,"4":4,"5":4,"6":4,"7":4},"f":{"0":4,"1":4},"b":{}}
,"C:\\Users\\user\\Desktop\\projects\\finance-tracker\\server\\src\\tests\\utils\\getGraphqlEndpoint.ts": {"path":"C:\\Users\\user\\Desktop\\projects\\finance-tracker\\server\\src\\tests\\utils\\getGraphqlEndpoint.ts","statementMap":{"0":{"start":{"line":1,"column":0},"end":{"line":1,"column":23}},"1":{"start":{"line":3,"column":27},"end":{"line":3,"column":123}},"2":{"start":{"line":3,"column":33},"end":{"line":3,"column":123}},"3":{"start":{"line":5,"column":0},"end":{"line":5,"column":36}}},"fnMap":{"0":{"name":"(anonymous_0)","decl":{"start":{"line":3,"column":27},"end":{"line":3,"column":30}},"loc":{"start":{"line":3,"column":33},"end":{"line":3,"column":123}}}},"branchMap":{},"s":{"0":1,"1":1,"2":19,"3":1},"f":{"0":19},"b":{}}
,"C:\\Users\\user\\Desktop\\projects\\finance-tracker\\server\\src\\tests\\utils\\mutations.ts": {"path":"C:\\Users\\user\\Desktop\\projects\\finance-tracker\\server\\src\\tests\\utils\\mutations.ts","statementMap":{"0":{"start":{"line":1,"column":13},"end":{"line":8,"column":2}},"1":{"start":{"line":1,"column":55},"end":{"line":8,"column":2}},"2":{"start":{"line":10,"column":13},"end":{"line":14,"column":2}},"3":{"start":{"line":10,"column":41},"end":{"line":14,"column":2}},"4":{"start":{"line":16,"column":13},"end":{"line":20,"column":2}},"5":{"start":{"line":16,"column":64},"end":{"line":20,"column":2}},"6":{"start":{"line":22,"column":13},"end":{"line":30,"column":null}},"7":{"start":{"line":23,"column":2},"end":{"line":29,"column":4}},"8":{"start":{"line":32,"column":13},"end":{"line":38,"column":null}},"9":{"start":{"line":33,"column":2},"end":{"line":37,"column":4}},"10":{"start":{"line":40,"column":13},"end":{"line":46,"column":null}},"11":{"start":{"line":41,"column":2},"end":{"line":45,"column":4}},"12":{"start":{"line":48,"column":13},"end":{"line":61,"column":2}},"13":{"start":{"line":48,"column":92},"end":{"line":61,"column":2}},"14":{"start":{"line":63,"column":13},"end":{"line":67,"column":2}},"15":{"start":{"line":63,"column":73},"end":{"line":67,"column":2}},"16":{"start":{"line":69,"column":13},"end":{"line":73,"column":2}},"17":{"start":{"line":69,"column":49},"end":{"line":73,"column":2}}},"fnMap":{"0":{"name":"(anonymous_0)","decl":{"start":{"line":1,"column":33},"end":{"line":1,"column":34}},"loc":{"start":{"line":1,"column":55},"end":{"line":8,"column":2}}},"1":{"name":"(anonymous_1)","decl":{"start":{"line":10,"column":35},"end":{"line":10,"column":38}},"loc":{"start":{"line":10,"column":41},"end":{"line":14,"column":2}}},"2":{"name":"(anonymous_2)","decl":{"start":{"line":16,"column":42},"end":{"line":16,"column":43}},"loc":{"start":{"line":16,"column":64},"end":{"line":20,"column":2}}},"3":{"name":"(anonymous_3)","decl":{"start":{"line":22,"column":41},"end":{"line":22,"column":42}},"loc":{"start":{"line":22,"column":58},"end":{"line":30,"column":1}}},"4":{"name":"(anonymous_4)","decl":{"start":{"line":32,"column":34},"end":{"line":32,"column":35}},"loc":{"start":{"line":32,"column":80},"end":{"line":38,"column":1}}},"5":{"name":"(anonymous_5)","decl":{"start":{"line":40,"column":34},"end":{"line":40,"column":35}},"loc":{"start":{"line":40,"column":58},"end":{"line":46,"column":1}}},"6":{"name":"(anonymous_6)","decl":{"start":{"line":48,"column":34},"end":{"line":48,"column":35}},"loc":{"start":{"line":48,"column":92},"end":{"line":61,"column":2}}},"7":{"name":"(anonymous_7)","decl":{"start":{"line":63,"column":41},"end":{"line":63,"column":42}},"loc":{"start":{"line":63,"column":73},"end":{"line":67,"column":2}}},"8":{"name":"(anonymous_8)","decl":{"start":{"line":69,"column":33},"end":{"line":69,"column":34}},"loc":{"start":{"line":69,"column":49},"end":{"line":73,"column":2}}}},"branchMap":{},"s":{"0":1,"1":1,"2":1,"3":1,"4":1,"5":1,"6":1,"7":3,"8":1,"9":2,"10":1,"11":1,"12":1,"13":3,"14":1,"15":2,"16":1,"17":2},"f":{"0":1,"1":1,"2":1,"3":3,"4":2,"5":1,"6":3,"7":2,"8":2},"b":{}}
,"C:\\Users\\user\\Desktop\\projects\\finance-tracker\\server\\src\\tests\\utils\\queries.ts": {"path":"C:\\Users\\user\\Desktop\\projects\\finance-tracker\\server\\src\\tests\\utils\\queries.ts","statementMap":{"0":{"start":{"line":1,"column":13},"end":{"line":8,"column":2}},"1":{"start":{"line":1,"column":45},"end":{"line":8,"column":2}},"2":{"start":{"line":10,"column":13},"end":{"line":19,"column":null}},"3":{"start":{"line":11,"column":2},"end":{"line":18,"column":4}},"4":{"start":{"line":21,"column":13},"end":{"line":30,"column":null}},"5":{"start":{"line":22,"column":2},"end":{"line":29,"column":4}},"6":{"start":{"line":32,"column":13},"end":{"line":44,"column":2}},"7":{"start":{"line":32,"column":45},"end":{"line":44,"column":2}},"8":{"start":{"line":46,"column":13},"end":{"line":53,"column":2}},"9":{"start":{"line":46,"column":51},"end":{"line":53,"column":2}},"10":{"start":{"line":55,"column":13},"end":{"line":62,"column":2}},"11":{"start":{"line":55,"column":61},"end":{"line":62,"column":2}},"12":{"start":{"line":64,"column":13},"end":{"line":71,"column":2}},"13":{"start":{"line":64,"column":60},"end":{"line":71,"column":2}},"14":{"start":{"line":73,"column":13},"end":{"line":83,"column":2}},"15":{"start":{"line":73,"column":57},"end":{"line":83,"column":2}}},"fnMap":{"0":{"name":"(anonymous_0)","decl":{"start":{"line":1,"column":39},"end":{"line":1,"column":42}},"loc":{"start":{"line":1,"column":45},"end":{"line":8,"column":2}}},"1":{"name":"(anonymous_1)","decl":{"start":{"line":10,"column":31},"end":{"line":10,"column":32}},"loc":{"start":{"line":10,"column":55},"end":{"line":19,"column":1}}},"2":{"name":"(anonymous_2)","decl":{"start":{"line":21,"column":38},"end":{"line":21,"column":41}},"loc":{"start":{"line":21,"column":43},"end":{"line":30,"column":1}}},"3":{"name":"(anonymous_3)","decl":{"start":{"line":32,"column":39},"end":{"line":32,"column":42}},"loc":{"start":{"line":32,"column":45},"end":{"line":44,"column":2}}},"4":{"name":"(anonymous_4)","decl":{"start":{"line":46,"column":35},"end":{"line":46,"column":36}},"loc":{"start":{"line":46,"column":51},"end":{"line":53,"column":2}}},"5":{"name":"(anonymous_5)","decl":{"start":{"line":55,"column":55},"end":{"line":55,"column":58}},"loc":{"start":{"line":55,"column":61},"end":{"line":62,"column":2}}},"6":{"name":"(anonymous_6)","decl":{"start":{"line":64,"column":42},"end":{"line":64,"column":43}},"loc":{"start":{"line":64,"column":60},"end":{"line":71,"column":2}}},"7":{"name":"(anonymous_7)","decl":{"start":{"line":73,"column":51},"end":{"line":73,"column":54}},"loc":{"start":{"line":73,"column":57},"end":{"line":83,"column":2}}}},"branchMap":{},"s":{"0":1,"1":2,"2":1,"3":4,"4":1,"5":1,"6":1,"7":1,"8":1,"9":4,"10":1,"11":1,"12":1,"13":2,"14":1,"15":2},"f":{"0":2,"1":4,"2":1,"3":1,"4":4,"5":1,"6":2,"7":2},"b":{}}
}
