TN:
SF:src\constants\error.constants.ts
FNF:0
FNH:0
DA:1,1
DA:2,1
DA:3,1
DA:4,1
DA:5,1
DA:6,1
DA:7,1
DA:8,1
DA:9,1
DA:10,1
DA:11,1
LF:11
LH:11
BRF:0
BRH:0
end_of_record
TN:
SF:src\entity\Category.ts
FN:19,(anonymous_2)
FN:27,(anonymous_3)
FN:27,(anonymous_4)
FN:36,(anonymous_5)
FN:36,(anonymous_6)
FNF:5
FNH:0
FNDA:0,(anonymous_2)
FNDA:0,(anonymous_3)
FNDA:0,(anonymous_4)
FNDA:0,(anonymous_5)
FNDA:0,(anonymous_6)
DA:1,1
DA:2,1
DA:12,1
DA:13,1
DA:17,1
DA:19,0
DA:21,1
DA:25,1
DA:27,0
DA:28,1
DA:31,1
DA:34,1
DA:36,0
DA:37,1
LF:14
LH:11
BRF:0
BRH:0
end_of_record
TN:
SF:src\entity\Expense.ts
FN:17,(anonymous_2)
FN:21,(anonymous_3)
FN:25,(anonymous_4)
FN:25,(anonymous_5)
FNF:4
FNH:0
FNDA:0,(anonymous_2)
FNDA:0,(anonymous_3)
FNDA:0,(anonymous_4)
FNDA:0,(anonymous_5)
DA:1,1
DA:10,1
DA:11,1
DA:15,1
DA:17,0
DA:19,1
DA:21,0
DA:23,1
DA:25,0
DA:29,1
DA:32,1
DA:35,1
LF:12
LH:9
BRF:0
BRH:0
end_of_record
TN:
SF:src\entity\User.ts
FN:17,(anonymous_2)
FN:31,(anonymous_3)
FN:31,(anonymous_4)
FNF:3
FNH:0
FNDA:0,(anonymous_2)
FNDA:0,(anonymous_3)
FNDA:0,(anonymous_4)
DA:1,1
DA:10,1
DA:11,1
DA:15,1
DA:17,0
DA:19,1
DA:23,1
DA:26,1
DA:29,1
DA:31,0
DA:32,1
DA:35,1
DA:38,1
LF:13
LH:11
BRF:0
BRH:0
end_of_record
TN:
SF:src\tests\utils\categoryInfo.ts
FN:4,(anonymous_0)
FN:8,(anonymous_1)
FN:10,(anonymous_2)
FN:14,(anonymous_3)
FNF:4
FNH:4
FNDA:2,(anonymous_0)
FNDA:3,(anonymous_1)
FNDA:1,(anonymous_2)
FNDA:2,(anonymous_3)
DA:4,1
DA:5,2
DA:8,3
DA:10,1
DA:11,1
DA:14,2
LF:6
LH:6
BRF:0
BRH:0
end_of_record
TN:
SF:src\tests\utils\getClientWithTokenInterceptor.ts
FN:6,(anonymous_7)
FN:6,(anonymous_8)
FNF:2
FNH:2
FNDA:4,(anonymous_7)
FNDA:4,(anonymous_8)
DA:1,1
DA:2,1
DA:4,1
DA:6,4
DA:7,4
DA:8,4
DA:10,4
LF:7
LH:7
BRF:0
BRH:0
end_of_record
TN:
SF:src\tests\utils\getGraphqlEndpoint.ts
FN:3,(anonymous_0)
FNF:1
FNH:1
FNDA:19,(anonymous_0)
DA:1,1
DA:3,19
DA:5,1
LF:3
LH:3
BRF:0
BRH:0
end_of_record
TN:
SF:src\tests\utils\mutations.ts
FN:1,(anonymous_0)
FN:10,(anonymous_1)
FN:16,(anonymous_2)
FN:22,(anonymous_3)
FN:32,(anonymous_4)
FN:40,(anonymous_5)
FN:48,(anonymous_6)
FN:63,(anonymous_7)
FN:69,(anonymous_8)
FNF:9
FNH:9
FNDA:1,(anonymous_0)
FNDA:1,(anonymous_1)
FNDA:1,(anonymous_2)
FNDA:3,(anonymous_3)
FNDA:2,(anonymous_4)
FNDA:1,(anonymous_5)
FNDA:3,(anonymous_6)
FNDA:2,(anonymous_7)
FNDA:2,(anonymous_8)
DA:1,1
DA:10,1
DA:16,1
DA:22,1
DA:23,3
DA:32,1
DA:33,2
DA:40,1
DA:41,1
DA:48,3
DA:63,2
DA:69,2
LF:12
LH:12
BRF:0
BRH:0
end_of_record
TN:
SF:src\tests\utils\queries.ts
FN:1,(anonymous_0)
FN:10,(anonymous_1)
FN:21,(anonymous_2)
FN:32,(anonymous_3)
FN:46,(anonymous_4)
FN:55,(anonymous_5)
FN:64,(anonymous_6)
FN:73,(anonymous_7)
FNF:8
FNH:8
FNDA:2,(anonymous_0)
FNDA:4,(anonymous_1)
FNDA:1,(anonymous_2)
FNDA:1,(anonymous_3)
FNDA:4,(anonymous_4)
FNDA:1,(anonymous_5)
FNDA:2,(anonymous_6)
FNDA:2,(anonymous_7)
DA:1,2
DA:10,1
DA:11,4
DA:21,1
DA:22,1
DA:32,1
DA:46,4
DA:55,1
DA:64,2
DA:73,2
LF:10
LH:10
BRF:0
BRH:0
end_of_record
