{"C:\\Users\\user\\Desktop\\projects\\finance-tracker\\web\\src\\Routes.tsx": {"path":"C:\\Users\\user\\Desktop\\projects\\finance-tracker\\web\\src\\Routes.tsx","statementMap":{"0":{"start":{"line":12,"column":22},"end":{"line":28,"column":1}},"1":{"start":{"line":13,"column":2},"end":{"line":27,"column":3}}},"fnMap":{"0":{"name":"(anonymous_0)","decl":{"start":{"line":12,"column":22},"end":{"line":12,"column":23}},"loc":{"start":{"line":12,"column":28},"end":{"line":28,"column":1}},"line":12}},"branchMap":{},"s":{"0":0,"1":0},"f":{"0":0},"b":{},"hash":"6c591819b72378d2f94448a7246186f9738b4ac0"}
,"C:\\Users\\user\\Desktop\\projects\\finance-tracker\\web\\src\\constants.tsx": {"path":"C:\\Users\\user\\Desktop\\projects\\finance-tracker\\web\\src\\constants.tsx","statementMap":{"0":{"start":{"line":1,"column":41},"end":{"line":1,"column":129}},"1":{"start":{"line":2,"column":32},"end":{"line":2,"column":51}},"2":{"start":{"line":3,"column":32},"end":{"line":3,"column":51}},"3":{"start":{"line":4,"column":36},"end":{"line":4,"column":103}}},"fnMap":{},"branchMap":{},"s":{"0":0,"1":0,"2":0,"3":0},"f":{},"b":{},"hash":"8b2b7033de2ac4364761f7e25acf49aea965c466"}
,"C:\\Users\\user\\Desktop\\projects\\finance-tracker\\web\\src\\components\\button\\FabButton.tsx": {"path":"C:\\Users\\user\\Desktop\\projects\\finance-tracker\\web\\src\\components\\button\\FabButton.tsx","statementMap":{"0":{"start":{"line":11,"column":18},"end":{"line":25,"column":1}},"1":{"start":{"line":12,"column":2},"end":{"line":24,"column":4}},"2":{"start":{"line":27,"column":43},"end":{"line":35,"column":1}},"3":{"start":{"line":28,"column":18},"end":{"line":28,"column":29}},"4":{"start":{"line":30,"column":2},"end":{"line":34,"column":4}},"5":{"start":{"line":31,"column":113},"end":{"line":31,"column":122}}},"fnMap":{"0":{"name":"(anonymous_0)","decl":{"start":{"line":11,"column":29},"end":{"line":11,"column":30}},"loc":{"start":{"line":12,"column":2},"end":{"line":24,"column":4}},"line":12},"1":{"name":"(anonymous_1)","decl":{"start":{"line":27,"column":43},"end":{"line":27,"column":44}},"loc":{"start":{"line":27,"column":84},"end":{"line":35,"column":1}},"line":27},"2":{"name":"(anonymous_2)","decl":{"start":{"line":31,"column":107},"end":{"line":31,"column":108}},"loc":{"start":{"line":31,"column":113},"end":{"line":31,"column":122}},"line":31}},"branchMap":{},"s":{"0":1,"1":1,"2":1,"3":2,"4":2,"5":1},"f":{"0":1,"1":2,"2":1},"b":{},"_coverageSchema":"43e27e138ebf9cfc5966b082cf9a028302ed4184","hash":"08a18a7b6ff2527b020732f10c646636fe4fdb0b"}
,"C:\\Users\\user\\Desktop\\projects\\finance-tracker\\web\\src\\components\\button\\TwoRowButtons.tsx": {"path":"C:\\Users\\user\\Desktop\\projects\\finance-tracker\\web\\src\\components\\button\\TwoRowButtons.tsx","statementMap":{"0":{"start":{"line":15,"column":47},"end":{"line":38,"column":1}},"1":{"start":{"line":16,"column":2},"end":{"line":37,"column":4}},"2":{"start":{"line":21,"column":24},"end":{"line":21,"column":42}},"3":{"start":{"line":30,"column":24},"end":{"line":30,"column":43}}},"fnMap":{"0":{"name":"(anonymous_0)","decl":{"start":{"line":15,"column":47},"end":{"line":15,"column":48}},"loc":{"start":{"line":15,"column":149},"end":{"line":38,"column":1}},"line":15},"1":{"name":"(anonymous_1)","decl":{"start":{"line":21,"column":18},"end":{"line":21,"column":19}},"loc":{"start":{"line":21,"column":24},"end":{"line":21,"column":42}},"line":21},"2":{"name":"(anonymous_2)","decl":{"start":{"line":30,"column":18},"end":{"line":30,"column":19}},"loc":{"start":{"line":30,"column":24},"end":{"line":30,"column":43}},"line":30}},"branchMap":{},"s":{"0":1,"1":4,"2":1,"3":1},"f":{"0":4,"1":1,"2":1},"b":{},"_coverageSchema":"43e27e138ebf9cfc5966b082cf9a028302ed4184","hash":"fed73a78fe32930df8e32f828ff23ee50f6206b8"}
,"C:\\Users\\user\\Desktop\\projects\\finance-tracker\\web\\src\\components\\card\\ChartCard.tsx": {"path":"C:\\Users\\user\\Desktop\\projects\\finance-tracker\\web\\src\\components\\card\\ChartCard.tsx","statementMap":{"0":{"start":{"line":11,"column":18},"end":{"line":19,"column":2}},"1":{"start":{"line":21,"column":43},"end":{"line":34,"column":1}},"2":{"start":{"line":22,"column":18},"end":{"line":22,"column":29}},"3":{"start":{"line":24,"column":2},"end":{"line":33,"column":4}}},"fnMap":{"0":{"name":"(anonymous_0)","decl":{"start":{"line":21,"column":43},"end":{"line":21,"column":44}},"loc":{"start":{"line":21,"column":68},"end":{"line":34,"column":1}},"line":21}},"branchMap":{},"s":{"0":1,"1":1,"2":1,"3":1},"f":{"0":1},"b":{},"_coverageSchema":"43e27e138ebf9cfc5966b082cf9a028302ed4184","hash":"8c5b763c7037c4833c967fd74fead2ede19de89f"}
,"C:\\Users\\user\\Desktop\\projects\\finance-tracker\\web\\src\\components\\card\\StatisticCard.tsx": {"path":"C:\\Users\\user\\Desktop\\projects\\finance-tracker\\web\\src\\components\\card\\StatisticCard.tsx","statementMap":{"0":{"start":{"line":14,"column":18},"end":{"line":26,"column":2}},"1":{"start":{"line":28,"column":47},"end":{"line":48,"column":1}},"2":{"start":{"line":29,"column":18},"end":{"line":29,"column":29}},"3":{"start":{"line":31,"column":2},"end":{"line":47,"column":4}}},"fnMap":{"0":{"name":"(anonymous_0)","decl":{"start":{"line":28,"column":47},"end":{"line":28,"column":48}},"loc":{"start":{"line":28,"column":92},"end":{"line":48,"column":1}},"line":28}},"branchMap":{},"s":{"0":1,"1":1,"2":1,"3":1},"f":{"0":1},"b":{},"_coverageSchema":"43e27e138ebf9cfc5966b082cf9a028302ed4184","hash":"32cc4ee32ffeb19c16b393094182aee9dcf90897"}
,"C:\\Users\\user\\Desktop\\projects\\finance-tracker\\web\\src\\components\\category\\CategoryCard.tsx": {"path":"C:\\Users\\user\\Desktop\\projects\\finance-tracker\\web\\src\\components\\category\\CategoryCard.tsx","statementMap":{"0":{"start":{"line":19,"column":18},"end":{"line":26,"column":2}},"1":{"start":{"line":28,"column":46},"end":{"line":59,"column":1}},"2":{"start":{"line":29,"column":18},"end":{"line":29,"column":29}},"3":{"start":{"line":31,"column":2},"end":{"line":58,"column":4}},"4":{"start":{"line":50,"column":84},"end":{"line":50,"column":92}},"5":{"start":{"line":53,"column":86},"end":{"line":53,"column":96}}},"fnMap":{"0":{"name":"(anonymous_0)","decl":{"start":{"line":28,"column":46},"end":{"line":28,"column":47}},"loc":{"start":{"line":28,"column":86},"end":{"line":59,"column":1}},"line":28},"1":{"name":"(anonymous_1)","decl":{"start":{"line":50,"column":78},"end":{"line":50,"column":79}},"loc":{"start":{"line":50,"column":84},"end":{"line":50,"column":92}},"line":50},"2":{"name":"(anonymous_2)","decl":{"start":{"line":53,"column":80},"end":{"line":53,"column":81}},"loc":{"start":{"line":53,"column":86},"end":{"line":53,"column":96}},"line":53}},"branchMap":{},"s":{"0":1,"1":1,"2":3,"3":3,"4":1,"5":1},"f":{"0":3,"1":1,"2":1},"b":{},"_coverageSchema":"43e27e138ebf9cfc5966b082cf9a028302ed4184","hash":"6dc1c8f68bf179911613fa290eb3f8716d32259d"}
,"C:\\Users\\user\\Desktop\\projects\\finance-tracker\\web\\src\\components\\category\\CategorySearch.tsx": {"path":"C:\\Users\\user\\Desktop\\projects\\finance-tracker\\web\\src\\components\\category\\CategorySearch.tsx","statementMap":{"0":{"start":{"line":13,"column":48},"end":{"line":37,"column":1}},"1":{"start":{"line":14,"column":2},"end":{"line":36,"column":4}},"2":{"start":{"line":21,"column":30},"end":{"line":21,"column":41}},"3":{"start":{"line":27,"column":62},"end":{"line":27,"column":71}}},"fnMap":{"0":{"name":"(anonymous_0)","decl":{"start":{"line":13,"column":48},"end":{"line":13,"column":49}},"loc":{"start":{"line":13,"column":106},"end":{"line":37,"column":1}},"line":13},"1":{"name":"(anonymous_1)","decl":{"start":{"line":21,"column":23},"end":{"line":21,"column":24}},"loc":{"start":{"line":21,"column":30},"end":{"line":21,"column":41}},"line":21},"2":{"name":"(anonymous_2)","decl":{"start":{"line":27,"column":56},"end":{"line":27,"column":57}},"loc":{"start":{"line":27,"column":62},"end":{"line":27,"column":71}},"line":27}},"branchMap":{"0":{"loc":{"start":{"line":30,"column":8},"end":{"line":34,"column":12}},"type":"binary-expr","locations":[{"start":{"line":30,"column":8},"end":{"line":30,"column":24}},{"start":{"line":30,"column":28},"end":{"line":30,"column":44}},{"start":{"line":30,"column":48},"end":{"line":34,"column":12}}],"line":30}},"s":{"0":1,"1":9,"2":1,"3":1},"f":{"0":9,"1":1,"2":1},"b":{"0":[9,8,7]},"_coverageSchema":"43e27e138ebf9cfc5966b082cf9a028302ed4184","hash":"80b3ac650766c2f302f6e1b0f75210339b8ef59d"}
,"C:\\Users\\user\\Desktop\\projects\\finance-tracker\\web\\src\\components\\chart\\CustomBarChart.tsx": {"path":"C:\\Users\\user\\Desktop\\projects\\finance-tracker\\web\\src\\components\\chart\\CustomBarChart.tsx","statementMap":{"0":{"start":{"line":6,"column":13},"end":{"line":43,"column":1}},"1":{"start":{"line":45,"column":30},"end":{"line":67,"column":1}},"2":{"start":{"line":46,"column":18},"end":{"line":46,"column":33}},"3":{"start":{"line":48,"column":2},"end":{"line":66,"column":4}}},"fnMap":{"0":{"name":"(anonymous_0)","decl":{"start":{"line":45,"column":30},"end":{"line":45,"column":31}},"loc":{"start":{"line":45,"column":36},"end":{"line":67,"column":1}},"line":45}},"branchMap":{"0":{"loc":{"start":{"line":51,"column":16},"end":{"line":51,"column":40}},"type":"cond-expr","locations":[{"start":{"line":51,"column":31},"end":{"line":51,"column":34}},{"start":{"line":51,"column":37},"end":{"line":51,"column":40}}],"line":51}},"s":{"0":0,"1":0,"2":0,"3":0},"f":{"0":0},"b":{"0":[0,0]},"hash":"27eaa4d729f5a85f9299f9d3c032f38ccbe4b280"}
,"C:\\Users\\user\\Desktop\\projects\\finance-tracker\\web\\src\\components\\chart\\CustomPieChart.tsx": {"path":"C:\\Users\\user\\Desktop\\projects\\finance-tracker\\web\\src\\components\\chart\\CustomPieChart.tsx","statementMap":{"0":{"start":{"line":6,"column":13},"end":{"line":11,"column":1}},"1":{"start":{"line":13,"column":15},"end":{"line":13,"column":59}},"2":{"start":{"line":15,"column":15},"end":{"line":15,"column":28}},"3":{"start":{"line":16,"column":30},"end":{"line":29,"column":1}},"4":{"start":{"line":20,"column":17},"end":{"line":20,"column":64}},"5":{"start":{"line":21,"column":12},"end":{"line":21,"column":54}},"6":{"start":{"line":22,"column":12},"end":{"line":22,"column":54}},"7":{"start":{"line":24,"column":2},"end":{"line":28,"column":4}},"8":{"start":{"line":31,"column":30},"end":{"line":58,"column":1}},"9":{"start":{"line":32,"column":18},"end":{"line":32,"column":33}},"10":{"start":{"line":34,"column":2},"end":{"line":57,"column":4}},"11":{"start":{"line":50,"column":14},"end":{"line":50,"column":93}}},"fnMap":{"0":{"name":"(anonymous_0)","decl":{"start":{"line":16,"column":30},"end":{"line":16,"column":31}},"loc":{"start":{"line":19,"column":37},"end":{"line":29,"column":1}},"line":19},"1":{"name":"(anonymous_1)","decl":{"start":{"line":31,"column":30},"end":{"line":31,"column":31}},"loc":{"start":{"line":31,"column":36},"end":{"line":58,"column":1}},"line":31},"2":{"name":"(anonymous_2)","decl":{"start":{"line":49,"column":21},"end":{"line":49,"column":22}},"loc":{"start":{"line":49,"column":39},"end":{"line":51,"column":13}},"line":49}},"branchMap":{"0":{"loc":{"start":{"line":25,"column":52},"end":{"line":25,"column":76}},"type":"cond-expr","locations":[{"start":{"line":25,"column":61},"end":{"line":25,"column":68}},{"start":{"line":25,"column":71},"end":{"line":25,"column":76}}],"line":25},"1":{"loc":{"start":{"line":44,"column":24},"end":{"line":44,"column":47}},"type":"cond-expr","locations":[{"start":{"line":44,"column":38},"end":{"line":44,"column":41}},{"start":{"line":44,"column":44},"end":{"line":44,"column":47}}],"line":44}},"s":{"0":0,"1":0,"2":0,"3":0,"4":0,"5":0,"6":0,"7":0,"8":0,"9":0,"10":0,"11":0},"f":{"0":0,"1":0,"2":0},"b":{"0":[0,0],"1":[0,0]},"hash":"9e595de44292bae3edde8011e73664035958bdbb"}
,"C:\\Users\\user\\Desktop\\projects\\finance-tracker\\web\\src\\components\\dialog\\AddUpdateCategoryDialog.tsx": {"path":"C:\\Users\\user\\Desktop\\projects\\finance-tracker\\web\\src\\components\\dialog\\AddUpdateCategoryDialog.tsx","statementMap":{"0":{"start":{"line":21,"column":57},"end":{"line":106,"column":1}},"1":{"start":{"line":30,"column":26},"end":{"line":30,"column":46}},"2":{"start":{"line":31,"column":40},"end":{"line":31,"column":60}},"3":{"start":{"line":33,"column":2},"end":{"line":38,"column":13}},"4":{"start":{"line":34,"column":4},"end":{"line":37,"column":5}},"5":{"start":{"line":35,"column":6},"end":{"line":35,"column":18}},"6":{"start":{"line":36,"column":6},"end":{"line":36,"column":25}},"7":{"start":{"line":40,"column":2},"end":{"line":44,"column":25}},"8":{"start":{"line":41,"column":4},"end":{"line":43,"column":5}},"9":{"start":{"line":42,"column":6},"end":{"line":42,"column":37}},"10":{"start":{"line":46,"column":2},"end":{"line":105,"column":4}},"11":{"start":{"line":49,"column":8},"end":{"line":49,"column":27}},"12":{"start":{"line":50,"column":8},"end":{"line":50,"column":28}},"13":{"start":{"line":62,"column":28},"end":{"line":62,"column":51}},"14":{"start":{"line":71,"column":28},"end":{"line":71,"column":58}},"15":{"start":{"line":82,"column":14},"end":{"line":82,"column":33}},"16":{"start":{"line":83,"column":14},"end":{"line":83,"column":33}},"17":{"start":{"line":92,"column":14},"end":{"line":95,"column":15}},"18":{"start":{"line":93,"column":16},"end":{"line":93,"column":35}},"19":{"start":{"line":94,"column":16},"end":{"line":94,"column":23}},"20":{"start":{"line":96,"column":14},"end":{"line":96,"column":79}}},"fnMap":{"0":{"name":"(anonymous_0)","decl":{"start":{"line":21,"column":57},"end":{"line":21,"column":58}},"loc":{"start":{"line":29,"column":8},"end":{"line":106,"column":1}},"line":29},"1":{"name":"(anonymous_1)","decl":{"start":{"line":33,"column":12},"end":{"line":33,"column":13}},"loc":{"start":{"line":33,"column":18},"end":{"line":38,"column":3}},"line":33},"2":{"name":"(anonymous_2)","decl":{"start":{"line":40,"column":12},"end":{"line":40,"column":13}},"loc":{"start":{"line":40,"column":18},"end":{"line":44,"column":3}},"line":40},"3":{"name":"(anonymous_3)","decl":{"start":{"line":48,"column":38},"end":{"line":48,"column":39}},"loc":{"start":{"line":48,"column":44},"end":{"line":51,"column":7}},"line":48},"4":{"name":"(anonymous_4)","decl":{"start":{"line":62,"column":23},"end":{"line":62,"column":24}},"loc":{"start":{"line":62,"column":28},"end":{"line":62,"column":51}},"line":62},"5":{"name":"(anonymous_5)","decl":{"start":{"line":71,"column":23},"end":{"line":71,"column":24}},"loc":{"start":{"line":71,"column":28},"end":{"line":71,"column":58}},"line":71},"6":{"name":"(anonymous_6)","decl":{"start":{"line":81,"column":22},"end":{"line":81,"column":23}},"loc":{"start":{"line":81,"column":28},"end":{"line":84,"column":13}},"line":81},"7":{"name":"(anonymous_7)","decl":{"start":{"line":91,"column":22},"end":{"line":91,"column":23}},"loc":{"start":{"line":91,"column":28},"end":{"line":97,"column":13}},"line":91}},"branchMap":{"0":{"loc":{"start":{"line":34,"column":4},"end":{"line":37,"column":5}},"type":"if","locations":[{"start":{"line":34,"column":4},"end":{"line":37,"column":5}},{"start":{"line":34,"column":4},"end":{"line":37,"column":5}}],"line":34},"1":{"loc":{"start":{"line":41,"column":4},"end":{"line":43,"column":5}},"type":"if","locations":[{"start":{"line":41,"column":4},"end":{"line":43,"column":5}},{"start":{"line":41,"column":4},"end":{"line":43,"column":5}}],"line":41},"2":{"loc":{"start":{"line":52,"column":10},"end":{"line":52,"column":40}},"type":"binary-expr","locations":[{"start":{"line":52,"column":10},"end":{"line":52,"column":19}},{"start":{"line":52,"column":23},"end":{"line":52,"column":40}}],"line":52},"3":{"loc":{"start":{"line":54,"column":12},"end":{"line":54,"column":67}},"type":"cond-expr","locations":[{"start":{"line":54,"column":31},"end":{"line":54,"column":46}},{"start":{"line":54,"column":49},"end":{"line":54,"column":67}}],"line":54},"4":{"loc":{"start":{"line":58,"column":14},"end":{"line":58,"column":103}},"type":"cond-expr","locations":[{"start":{"line":58,"column":33},"end":{"line":58,"column":56}},{"start":{"line":58,"column":59},"end":{"line":58,"column":103}}],"line":58},"5":{"loc":{"start":{"line":90,"column":23},"end":{"line":90,"column":53}},"type":"binary-expr","locations":[{"start":{"line":90,"column":23},"end":{"line":90,"column":40}},{"start":{"line":90,"column":44},"end":{"line":90,"column":53}}],"line":90},"6":{"loc":{"start":{"line":92,"column":14},"end":{"line":95,"column":15}},"type":"if","locations":[{"start":{"line":92,"column":14},"end":{"line":95,"column":15}},{"start":{"line":92,"column":14},"end":{"line":95,"column":15}}],"line":92}},"s":{"0":0,"1":0,"2":0,"3":0,"4":0,"5":0,"6":0,"7":0,"8":0,"9":0,"10":0,"11":0,"12":0,"13":0,"14":0,"15":0,"16":0,"17":0,"18":0,"19":0,"20":0},"f":{"0":0,"1":0,"2":0,"3":0,"4":0,"5":0,"6":0,"7":0},"b":{"0":[0,0],"1":[0,0],"2":[0,0],"3":[0,0],"4":[0,0],"5":[0,0],"6":[0,0]},"hash":"d539b268b440e2fe77c8075e403d2ef3a53d2600"}
,"C:\\Users\\user\\Desktop\\projects\\finance-tracker\\web\\src\\components\\dialog\\ConfirmationDialog.tsx": {"path":"C:\\Users\\user\\Desktop\\projects\\finance-tracker\\web\\src\\components\\dialog\\ConfirmationDialog.tsx","statementMap":{"0":{"start":{"line":18,"column":52},"end":{"line":60,"column":1}},"1":{"start":{"line":27,"column":2},"end":{"line":59,"column":4}},"2":{"start":{"line":30,"column":8},"end":{"line":30,"column":28}},"3":{"start":{"line":44,"column":14},"end":{"line":44,"column":33}}},"fnMap":{"0":{"name":"(anonymous_0)","decl":{"start":{"line":18,"column":52},"end":{"line":18,"column":53}},"loc":{"start":{"line":26,"column":8},"end":{"line":60,"column":1}},"line":26},"1":{"name":"(anonymous_1)","decl":{"start":{"line":29,"column":38},"end":{"line":29,"column":39}},"loc":{"start":{"line":29,"column":44},"end":{"line":31,"column":7}},"line":29},"2":{"name":"(anonymous_2)","decl":{"start":{"line":43,"column":22},"end":{"line":43,"column":23}},"loc":{"start":{"line":43,"column":28},"end":{"line":45,"column":13}},"line":43}},"branchMap":{"0":{"loc":{"start":{"line":32,"column":10},"end":{"line":32,"column":40}},"type":"binary-expr","locations":[{"start":{"line":32,"column":10},"end":{"line":32,"column":19}},{"start":{"line":32,"column":23},"end":{"line":32,"column":40}}],"line":32}},"s":{"0":0,"1":0,"2":0,"3":0},"f":{"0":0,"1":0,"2":0},"b":{"0":[0,0]},"hash":"9029b2aa6b800135aec552b0092af75c253a31e3"}
,"C:\\Users\\user\\Desktop\\projects\\finance-tracker\\web\\src\\components\\home\\HomeCardSection.tsx": {"path":"C:\\Users\\user\\Desktop\\projects\\finance-tracker\\web\\src\\components\\home\\HomeCardSection.tsx","statementMap":{"0":{"start":{"line":8,"column":49},"end":{"line":41,"column":1}},"1":{"start":{"line":10,"column":2},"end":{"line":40,"column":4}}},"fnMap":{"0":{"name":"(anonymous_0)","decl":{"start":{"line":8,"column":49},"end":{"line":8,"column":50}},"loc":{"start":{"line":8,"column":55},"end":{"line":41,"column":1}},"line":8}},"branchMap":{},"s":{"0":0,"1":0},"f":{"0":0},"b":{},"hash":"e6b057c9f45b2a55502c25f65051e5e83cdd5d22"}
,"C:\\Users\\user\\Desktop\\projects\\finance-tracker\\web\\src\\components\\layout\\PageHeader.tsx": {"path":"C:\\Users\\user\\Desktop\\projects\\finance-tracker\\web\\src\\components\\layout\\PageHeader.tsx","statementMap":{"0":{"start":{"line":9,"column":44},"end":{"line":22,"column":1}},"1":{"start":{"line":11,"column":2},"end":{"line":21,"column":4}}},"fnMap":{"0":{"name":"(anonymous_0)","decl":{"start":{"line":9,"column":44},"end":{"line":9,"column":45}},"loc":{"start":{"line":9,"column":80},"end":{"line":22,"column":1}},"line":9}},"branchMap":{},"s":{"0":1,"1":2},"f":{"0":2},"b":{},"_coverageSchema":"43e27e138ebf9cfc5966b082cf9a028302ed4184","hash":"8cfd98602a2689604092cfb15494919df7f99089"}
,"C:\\Users\\user\\Desktop\\projects\\finance-tracker\\web\\src\\components\\layout\\SiteWrapper.tsx": {"path":"C:\\Users\\user\\Desktop\\projects\\finance-tracker\\web\\src\\components\\layout\\SiteWrapper.tsx","statementMap":{"0":{"start":{"line":27,"column":20},"end":{"line":27,"column":23}},"1":{"start":{"line":29,"column":18},"end":{"line":109,"column":1}},"2":{"start":{"line":30,"column":2},"end":{"line":108,"column":4}},"3":{"start":{"line":111,"column":19},"end":{"line":143,"column":1}},"4":{"start":{"line":112,"column":2},"end":{"line":142,"column":5}},"5":{"start":{"line":115,"column":8},"end":{"line":126,"column":15}},"6":{"start":{"line":132,"column":8},"end":{"line":139,"column":15}},"7":{"start":{"line":145,"column":37},"end":{"line":273,"column":1}},"8":{"start":{"line":146,"column":18},"end":{"line":146,"column":29}},"9":{"start":{"line":147,"column":16},"end":{"line":147,"column":26}},"10":{"start":{"line":148,"column":26},"end":{"line":148,"column":41}},"11":{"start":{"line":149,"column":50},"end":{"line":149,"column":65}},"12":{"start":{"line":150,"column":26},"end":{"line":150,"column":41}},"13":{"start":{"line":152,"column":2},"end":{"line":157,"column":28}},"14":{"start":{"line":153,"column":4},"end":{"line":156,"column":5}},"15":{"start":{"line":154,"column":6},"end":{"line":154,"column":28}},"16":{"start":{"line":155,"column":6},"end":{"line":155,"column":21}},"17":{"start":{"line":159,"column":27},"end":{"line":161,"column":3}},"18":{"start":{"line":160,"column":4},"end":{"line":160,"column":18}},"19":{"start":{"line":163,"column":28},"end":{"line":165,"column":3}},"20":{"start":{"line":164,"column":4},"end":{"line":164,"column":19}},"21":{"start":{"line":167,"column":2},"end":{"line":174,"column":9}},"22":{"start":{"line":168,"column":4},"end":{"line":171,"column":5}},"23":{"start":{"line":169,"column":6},"end":{"line":169,"column":55}},"24":{"start":{"line":170,"column":6},"end":{"line":170,"column":13}},"25":{"start":{"line":173,"column":4},"end":{"line":173,"column":65}},"26":{"start":{"line":176,"column":2},"end":{"line":178,"column":13}},"27":{"start":{"line":177,"column":4},"end":{"line":177,"column":71}},"28":{"start":{"line":180,"column":22},"end":{"line":182,"column":8}},"29":{"start":{"line":184,"column":2},"end":{"line":272,"column":4}},"30":{"start":{"line":197,"column":28},"end":{"line":197,"column":88}},"31":{"start":{"line":252,"column":25},"end":{"line":252,"column":50}},"32":{"start":{"line":262,"column":26},"end":{"line":262,"column":52}}},"fnMap":{"0":{"name":"(anonymous_0)","decl":{"start":{"line":29,"column":29},"end":{"line":29,"column":30}},"loc":{"start":{"line":30,"column":2},"end":{"line":108,"column":4}},"line":30},"1":{"name":"(anonymous_1)","decl":{"start":{"line":111,"column":19},"end":{"line":111,"column":20}},"loc":{"start":{"line":111,"column":25},"end":{"line":143,"column":1}},"line":111},"2":{"name":"(anonymous_2)","decl":{"start":{"line":114,"column":26},"end":{"line":114,"column":27}},"loc":{"start":{"line":115,"column":8},"end":{"line":126,"column":15}},"line":115},"3":{"name":"(anonymous_3)","decl":{"start":{"line":131,"column":31},"end":{"line":131,"column":32}},"loc":{"start":{"line":132,"column":8},"end":{"line":139,"column":15}},"line":132},"4":{"name":"(anonymous_4)","decl":{"start":{"line":145,"column":37},"end":{"line":145,"column":38}},"loc":{"start":{"line":145,"column":55},"end":{"line":273,"column":1}},"line":145},"5":{"name":"(anonymous_5)","decl":{"start":{"line":152,"column":12},"end":{"line":152,"column":13}},"loc":{"start":{"line":152,"column":18},"end":{"line":157,"column":3}},"line":152},"6":{"name":"(anonymous_6)","decl":{"start":{"line":159,"column":27},"end":{"line":159,"column":28}},"loc":{"start":{"line":159,"column":33},"end":{"line":161,"column":3}},"line":159},"7":{"name":"(anonymous_7)","decl":{"start":{"line":163,"column":28},"end":{"line":163,"column":29}},"loc":{"start":{"line":163,"column":34},"end":{"line":165,"column":3}},"line":163},"8":{"name":"(anonymous_8)","decl":{"start":{"line":167,"column":12},"end":{"line":167,"column":13}},"loc":{"start":{"line":167,"column":18},"end":{"line":174,"column":3}},"line":167},"9":{"name":"(anonymous_9)","decl":{"start":{"line":176,"column":12},"end":{"line":176,"column":13}},"loc":{"start":{"line":176,"column":18},"end":{"line":178,"column":3}},"line":176},"10":{"name":"(anonymous_10)","decl":{"start":{"line":197,"column":22},"end":{"line":197,"column":23}},"loc":{"start":{"line":197,"column":28},"end":{"line":197,"column":88}},"line":197},"11":{"name":"(anonymous_11)","decl":{"start":{"line":252,"column":19},"end":{"line":252,"column":20}},"loc":{"start":{"line":252,"column":25},"end":{"line":252,"column":50}},"line":252},"12":{"name":"(anonymous_12)","decl":{"start":{"line":262,"column":20},"end":{"line":262,"column":21}},"loc":{"start":{"line":262,"column":26},"end":{"line":262,"column":52}},"line":262}},"branchMap":{"0":{"loc":{"start":{"line":92,"column":19},"end":{"line":92,"column":80}},"type":"cond-expr","locations":[{"start":{"line":92,"column":45},"end":{"line":92,"column":61}},{"start":{"line":92,"column":64},"end":{"line":92,"column":80}}],"line":92},"1":{"loc":{"start":{"line":93,"column":20},"end":{"line":93,"column":81}},"type":"cond-expr","locations":[{"start":{"line":93,"column":46},"end":{"line":93,"column":62}},{"start":{"line":93,"column":65},"end":{"line":93,"column":81}}],"line":93},"2":{"loc":{"start":{"line":153,"column":4},"end":{"line":156,"column":5}},"type":"if","locations":[{"start":{"line":153,"column":4},"end":{"line":156,"column":5}},{"start":{"line":153,"column":4},"end":{"line":156,"column":5}}],"line":153},"3":{"loc":{"start":{"line":153,"column":8},"end":{"line":153,"column":27}},"type":"binary-expr","locations":[{"start":{"line":153,"column":8},"end":{"line":153,"column":19}},{"start":{"line":153,"column":23},"end":{"line":153,"column":27}}],"line":153},"4":{"loc":{"start":{"line":168,"column":4},"end":{"line":171,"column":5}},"type":"if","locations":[{"start":{"line":168,"column":4},"end":{"line":171,"column":5}},{"start":{"line":168,"column":4},"end":{"line":171,"column":5}}],"line":168},"5":{"loc":{"start":{"line":177,"column":41},"end":{"line":177,"column":69}},"type":"cond-expr","locations":[{"start":{"line":177,"column":48},"end":{"line":177,"column":58}},{"start":{"line":177,"column":61},"end":{"line":177,"column":69}}],"line":177},"6":{"loc":{"start":{"line":180,"column":22},"end":{"line":182,"column":8}},"type":"cond-expr","locations":[{"start":{"line":180,"column":36},"end":{"line":182,"column":3}},{"start":{"line":182,"column":6},"end":{"line":182,"column":8}}],"line":180},"7":{"loc":{"start":{"line":197,"column":28},"end":{"line":197,"column":88}},"type":"cond-expr","locations":[{"start":{"line":197,"column":42},"end":{"line":197,"column":60}},{"start":{"line":197,"column":63},"end":{"line":197,"column":88}}],"line":197},"8":{"loc":{"start":{"line":230,"column":8},"end":{"line":265,"column":26}},"type":"cond-expr","locations":[{"start":{"line":230,"column":22},"end":{"line":250,"column":17}},{"start":{"line":251,"column":10},"end":{"line":265,"column":26}}],"line":230},"9":{"loc":{"start":{"line":245,"column":16},"end":{"line":245,"column":84}},"type":"cond-expr","locations":[{"start":{"line":245,"column":44},"end":{"line":245,"column":63}},{"start":{"line":245,"column":66},"end":{"line":245,"column":84}}],"line":245}},"s":{"0":1,"1":1,"2":1,"3":1,"4":2,"5":6,"6":6,"7":1,"8":2,"9":2,"10":2,"11":2,"12":2,"13":2,"14":0,"15":0,"16":0,"17":2,"18":0,"19":2,"20":0,"21":2,"22":0,"23":0,"24":0,"25":0,"26":2,"27":0,"28":2,"29":2,"30":0,"31":0,"32":0},"f":{"0":1,"1":2,"2":6,"3":6,"4":2,"5":0,"6":0,"7":0,"8":0,"9":0,"10":0,"11":0,"12":0},"b":{"0":[0,1],"1":[0,1],"2":[0,0],"3":[0,0],"4":[0,0],"5":[0,0],"6":[0,2],"7":[0,0],"8":[0,2],"9":[0,0]},"_coverageSchema":"43e27e138ebf9cfc5966b082cf9a028302ed4184","hash":"0cd4836f5eb47f2ccec1f59bf298a26d031d858a"}
,"C:\\Users\\user\\Desktop\\projects\\finance-tracker\\web\\src\\components\\tables\\ExpenseTable.tsx": {"path":"C:\\Users\\user\\Desktop\\projects\\finance-tracker\\web\\src\\components\\tables\\ExpenseTable.tsx","statementMap":{"0":{"start":{"line":11,"column":18},"end":{"line":15,"column":2}},"1":{"start":{"line":18,"column":2},"end":{"line":18,"column":49}},"2":{"start":{"line":21,"column":13},"end":{"line":27,"column":1}},"3":{"start":{"line":29,"column":28},"end":{"line":56,"column":1}},"4":{"start":{"line":30,"column":18},"end":{"line":30,"column":29}},"5":{"start":{"line":32,"column":2},"end":{"line":55,"column":4}},"6":{"start":{"line":44,"column":12},"end":{"line":50,"column":23}}},"fnMap":{"0":{"name":"createData","decl":{"start":{"line":17,"column":9},"end":{"line":17,"column":19}},"loc":{"start":{"line":17,"column":97},"end":{"line":19,"column":1}},"line":17},"1":{"name":"(anonymous_1)","decl":{"start":{"line":29,"column":28},"end":{"line":29,"column":29}},"loc":{"start":{"line":29,"column":34},"end":{"line":56,"column":1}},"line":29},"2":{"name":"(anonymous_2)","decl":{"start":{"line":43,"column":20},"end":{"line":43,"column":21}},"loc":{"start":{"line":44,"column":12},"end":{"line":50,"column":23}},"line":44}},"branchMap":{},"s":{"0":0,"1":0,"2":0,"3":0,"4":0,"5":0,"6":0},"f":{"0":0,"1":0,"2":0},"b":{},"hash":"2aee65ccc763e5f2fd567abb67713e27daea32cd"}
,"C:\\Users\\user\\Desktop\\projects\\finance-tracker\\web\\src\\generated\\graphql.tsx": {"path":"C:\\Users\\user\\Desktop\\projects\\finance-tracker\\web\\src\\generated\\graphql.tsx","statementMap":{"0":{"start":{"line":212,"column":38},"end":{"line":219,"column":5}},"1":{"start":{"line":240,"column":8},"end":{"line":240,"column":138}},"2":{"start":{"line":245,"column":38},"end":{"line":249,"column":5}},"3":{"start":{"line":270,"column":8},"end":{"line":270,"column":138}},"4":{"start":{"line":275,"column":38},"end":{"line":282,"column":5}},"5":{"start":{"line":300,"column":8},"end":{"line":300,"column":129}},"6":{"start":{"line":303,"column":10},"end":{"line":303,"column":135}},"7":{"start":{"line":308,"column":29},"end":{"line":314,"column":5}},"8":{"start":{"line":336,"column":8},"end":{"line":336,"column":111}},"9":{"start":{"line":341,"column":32},"end":{"line":345,"column":5}},"10":{"start":{"line":367,"column":8},"end":{"line":367,"column":120}},"11":{"start":{"line":372,"column":29},"end":{"line":379,"column":5}},"12":{"start":{"line":397,"column":8},"end":{"line":397,"column":102}},"13":{"start":{"line":400,"column":10},"end":{"line":400,"column":108}}},"fnMap":{"0":{"name":"useCreateCategoryMutation","decl":{"start":{"line":239,"column":16},"end":{"line":239,"column":41}},"loc":{"start":{"line":239,"column":151},"end":{"line":241,"column":7}},"line":239},"1":{"name":"useDeleteCategoryMutation","decl":{"start":{"line":269,"column":16},"end":{"line":269,"column":41}},"loc":{"start":{"line":269,"column":151},"end":{"line":271,"column":7}},"line":269},"2":{"name":"useCategoryByUserQuery","decl":{"start":{"line":299,"column":16},"end":{"line":299,"column":38}},"loc":{"start":{"line":299,"column":139},"end":{"line":301,"column":7}},"line":299},"3":{"name":"useCategoryByUserLazyQuery","decl":{"start":{"line":302,"column":16},"end":{"line":302,"column":42}},"loc":{"start":{"line":302,"column":147},"end":{"line":304,"column":9}},"line":302},"4":{"name":"useLoginMutation","decl":{"start":{"line":335,"column":16},"end":{"line":335,"column":32}},"loc":{"start":{"line":335,"column":124},"end":{"line":337,"column":7}},"line":335},"5":{"name":"useRegisterMutation","decl":{"start":{"line":366,"column":16},"end":{"line":366,"column":35}},"loc":{"start":{"line":366,"column":133},"end":{"line":368,"column":7}},"line":366},"6":{"name":"useUsersQuery","decl":{"start":{"line":396,"column":16},"end":{"line":396,"column":29}},"loc":{"start":{"line":396,"column":112},"end":{"line":398,"column":7}},"line":396},"7":{"name":"useUsersLazyQuery","decl":{"start":{"line":399,"column":16},"end":{"line":399,"column":33}},"loc":{"start":{"line":399,"column":120},"end":{"line":401,"column":9}},"line":399}},"branchMap":{},"s":{"0":0,"1":0,"2":0,"3":0,"4":0,"5":0,"6":0,"7":0,"8":0,"9":0,"10":0,"11":0,"12":0,"13":0},"f":{"0":0,"1":0,"2":0,"3":0,"4":0,"5":0,"6":0,"7":0},"b":{},"hash":"1a6789082de3c6f76aa24e68488037f9cbdb84bd"}
,"C:\\Users\\user\\Desktop\\projects\\finance-tracker\\web\\src\\pages\\CategoryPage.tsx": {"path":"C:\\Users\\user\\Desktop\\projects\\finance-tracker\\web\\src\\pages\\CategoryPage.tsx","statementMap":{"0":{"start":{"line":22,"column":29},"end":{"line":22,"column":31}},"1":{"start":{"line":24,"column":28},"end":{"line":166,"column":1}},"2":{"start":{"line":25,"column":30},"end":{"line":25,"column":43}},"3":{"start":{"line":26,"column":28},"end":{"line":26,"column":52}},"4":{"start":{"line":27,"column":27},"end":{"line":27,"column":54}},"5":{"start":{"line":28,"column":27},"end":{"line":28,"column":54}},"6":{"start":{"line":30,"column":34},"end":{"line":30,"column":58}},"7":{"start":{"line":31,"column":38},"end":{"line":31,"column":62}},"8":{"start":{"line":32,"column":40},"end":{"line":32,"column":69}},"9":{"start":{"line":33,"column":42},"end":{"line":33,"column":65}},"10":{"start":{"line":34,"column":46},"end":{"line":34,"column":70}},"11":{"start":{"line":35,"column":50},"end":{"line":35,"column":81}},"12":{"start":{"line":36,"column":54},"end":{"line":36,"column":78}},"13":{"start":{"line":38,"column":2},"end":{"line":42,"column":26}},"14":{"start":{"line":39,"column":4},"end":{"line":41,"column":5}},"15":{"start":{"line":40,"column":6},"end":{"line":40,"column":103}},"16":{"start":{"line":40,"column":65},"end":{"line":40,"column":100}},"17":{"start":{"line":44,"column":2},"end":{"line":47,"column":19}},"18":{"start":{"line":45,"column":4},"end":{"line":45,"column":33}},"19":{"start":{"line":46,"column":4},"end":{"line":46,"column":25}},"20":{"start":{"line":49,"column":2},"end":{"line":52,"column":13}},"21":{"start":{"line":50,"column":4},"end":{"line":50,"column":42}},"22":{"start":{"line":51,"column":4},"end":{"line":51,"column":45}},"23":{"start":{"line":54,"column":19},"end":{"line":57,"column":3}},"24":{"start":{"line":55,"column":4},"end":{"line":55,"column":26}},"25":{"start":{"line":56,"column":4},"end":{"line":56,"column":29}},"26":{"start":{"line":59,"column":32},"end":{"line":75,"column":3}},"27":{"start":{"line":60,"column":4},"end":{"line":60,"column":21}},"28":{"start":{"line":61,"column":4},"end":{"line":74,"column":5}},"29":{"start":{"line":62,"column":23},"end":{"line":62,"column":70}},"30":{"start":{"line":63,"column":6},"end":{"line":70,"column":7}},"31":{"start":{"line":64,"column":8},"end":{"line":64,"column":66}},"32":{"start":{"line":65,"column":8},"end":{"line":65,"column":33}},"33":{"start":{"line":66,"column":8},"end":{"line":66,"column":26}},"34":{"start":{"line":67,"column":24},"end":{"line":67,"column":109}},"35":{"start":{"line":68,"column":8},"end":{"line":68,"column":26}},"36":{"start":{"line":69,"column":8},"end":{"line":69,"column":94}},"37":{"start":{"line":72,"column":6},"end":{"line":72,"column":24}},"38":{"start":{"line":73,"column":6},"end":{"line":73,"column":72}},"39":{"start":{"line":77,"column":25},"end":{"line":79,"column":3}},"40":{"start":{"line":78,"column":4},"end":{"line":78,"column":81}},"41":{"start":{"line":81,"column":32},"end":{"line":99,"column":3}},"42":{"start":{"line":82,"column":4},"end":{"line":82,"column":21}},"43":{"start":{"line":83,"column":4},"end":{"line":98,"column":5}},"44":{"start":{"line":84,"column":23},"end":{"line":84,"column":66}},"45":{"start":{"line":86,"column":6},"end":{"line":94,"column":7}},"46":{"start":{"line":87,"column":8},"end":{"line":87,"column":66}},"47":{"start":{"line":88,"column":8},"end":{"line":88,"column":34}},"48":{"start":{"line":89,"column":35},"end":{"line":89,"column":87}},"49":{"start":{"line":89,"column":73},"end":{"line":89,"column":86}},"50":{"start":{"line":90,"column":8},"end":{"line":90,"column":26}},"51":{"start":{"line":91,"column":8},"end":{"line":91,"column":37}},"52":{"start":{"line":92,"column":8},"end":{"line":92,"column":26}},"53":{"start":{"line":93,"column":8},"end":{"line":93,"column":86}},"54":{"start":{"line":93,"column":59},"end":{"line":93,"column":72}},"55":{"start":{"line":96,"column":6},"end":{"line":96,"column":24}},"56":{"start":{"line":97,"column":6},"end":{"line":97,"column":72}},"57":{"start":{"line":101,"column":2},"end":{"line":103,"column":3}},"58":{"start":{"line":102,"column":4},"end":{"line":102,"column":32}},"59":{"start":{"line":105,"column":2},"end":{"line":165,"column":4}},"60":{"start":{"line":111,"column":41},"end":{"line":111,"column":63}},"61":{"start":{"line":113,"column":33},"end":{"line":113,"column":58}},"62":{"start":{"line":119,"column":25},"end":{"line":119,"column":69}},"63":{"start":{"line":132,"column":63},"end":{"line":132,"column":100}},"64":{"start":{"line":133,"column":26},"end":{"line":133,"column":46}},"65":{"start":{"line":141,"column":35},"end":{"line":141,"column":54}},"66":{"start":{"line":142,"column":36},"end":{"line":142,"column":59}},"67":{"start":{"line":147,"column":10},"end":{"line":161,"column":17}},"68":{"start":{"line":153,"column":16},"end":{"line":153,"column":43}},"69":{"start":{"line":154,"column":16},"end":{"line":154,"column":39}},"70":{"start":{"line":157,"column":16},"end":{"line":157,"column":44}},"71":{"start":{"line":158,"column":16},"end":{"line":158,"column":43}}},"fnMap":{"0":{"name":"(anonymous_0)","decl":{"start":{"line":24,"column":28},"end":{"line":24,"column":29}},"loc":{"start":{"line":24,"column":34},"end":{"line":166,"column":1}},"line":24},"1":{"name":"(anonymous_1)","decl":{"start":{"line":38,"column":12},"end":{"line":38,"column":13}},"loc":{"start":{"line":38,"column":18},"end":{"line":42,"column":3}},"line":38},"2":{"name":"(anonymous_2)","decl":{"start":{"line":40,"column":53},"end":{"line":40,"column":54}},"loc":{"start":{"line":40,"column":65},"end":{"line":40,"column":100}},"line":40},"3":{"name":"(anonymous_3)","decl":{"start":{"line":44,"column":12},"end":{"line":44,"column":13}},"loc":{"start":{"line":44,"column":18},"end":{"line":47,"column":3}},"line":44},"4":{"name":"(anonymous_4)","decl":{"start":{"line":49,"column":12},"end":{"line":49,"column":13}},"loc":{"start":{"line":49,"column":18},"end":{"line":52,"column":3}},"line":49},"5":{"name":"(anonymous_5)","decl":{"start":{"line":54,"column":19},"end":{"line":54,"column":20}},"loc":{"start":{"line":54,"column":61},"end":{"line":57,"column":3}},"line":54},"6":{"name":"(anonymous_6)","decl":{"start":{"line":59,"column":32},"end":{"line":59,"column":33}},"loc":{"start":{"line":59,"column":57},"end":{"line":75,"column":3}},"line":59},"7":{"name":"(anonymous_7)","decl":{"start":{"line":77,"column":25},"end":{"line":77,"column":26}},"loc":{"start":{"line":77,"column":49},"end":{"line":79,"column":3}},"line":77},"8":{"name":"(anonymous_8)","decl":{"start":{"line":81,"column":32},"end":{"line":81,"column":33}},"loc":{"start":{"line":81,"column":54},"end":{"line":99,"column":3}},"line":81},"9":{"name":"(anonymous_9)","decl":{"start":{"line":89,"column":66},"end":{"line":89,"column":67}},"loc":{"start":{"line":89,"column":73},"end":{"line":89,"column":86}},"line":89},"10":{"name":"(anonymous_10)","decl":{"start":{"line":93,"column":52},"end":{"line":93,"column":53}},"loc":{"start":{"line":93,"column":59},"end":{"line":93,"column":72}},"line":93},"11":{"name":"(anonymous_11)","decl":{"start":{"line":111,"column":23},"end":{"line":111,"column":24}},"loc":{"start":{"line":111,"column":41},"end":{"line":111,"column":63}},"line":111},"12":{"name":"(anonymous_12)","decl":{"start":{"line":113,"column":27},"end":{"line":113,"column":28}},"loc":{"start":{"line":113,"column":33},"end":{"line":113,"column":58}},"line":113},"13":{"name":"(anonymous_13)","decl":{"start":{"line":119,"column":19},"end":{"line":119,"column":20}},"loc":{"start":{"line":119,"column":25},"end":{"line":119,"column":69}},"line":119},"14":{"name":"(anonymous_14)","decl":{"start":{"line":132,"column":21},"end":{"line":132,"column":22}},"loc":{"start":{"line":132,"column":63},"end":{"line":132,"column":100}},"line":132},"15":{"name":"(anonymous_15)","decl":{"start":{"line":133,"column":20},"end":{"line":133,"column":21}},"loc":{"start":{"line":133,"column":26},"end":{"line":133,"column":46}},"line":133},"16":{"name":"(anonymous_16)","decl":{"start":{"line":141,"column":29},"end":{"line":141,"column":30}},"loc":{"start":{"line":141,"column":35},"end":{"line":141,"column":54}},"line":141},"17":{"name":"(anonymous_17)","decl":{"start":{"line":142,"column":30},"end":{"line":142,"column":31}},"loc":{"start":{"line":142,"column":36},"end":{"line":142,"column":59}},"line":142},"18":{"name":"(anonymous_18)","decl":{"start":{"line":146,"column":27},"end":{"line":146,"column":28}},"loc":{"start":{"line":147,"column":10},"end":{"line":161,"column":17}},"line":147},"19":{"name":"(anonymous_19)","decl":{"start":{"line":152,"column":23},"end":{"line":152,"column":24}},"loc":{"start":{"line":152,"column":29},"end":{"line":155,"column":15}},"line":152},"20":{"name":"(anonymous_20)","decl":{"start":{"line":156,"column":25},"end":{"line":156,"column":26}},"loc":{"start":{"line":156,"column":31},"end":{"line":159,"column":15}},"line":156}},"branchMap":{"0":{"loc":{"start":{"line":39,"column":4},"end":{"line":41,"column":5}},"type":"if","locations":[{"start":{"line":39,"column":4},"end":{"line":41,"column":5}},{"start":{"line":39,"column":4},"end":{"line":41,"column":5}}],"line":39},"1":{"loc":{"start":{"line":39,"column":8},"end":{"line":39,"column":56}},"type":"binary-expr","locations":[{"start":{"line":39,"column":8},"end":{"line":39,"column":19}},{"start":{"line":39,"column":24},"end":{"line":39,"column":55}}],"line":39},"2":{"loc":{"start":{"line":63,"column":6},"end":{"line":70,"column":7}},"type":"if","locations":[{"start":{"line":63,"column":6},"end":{"line":70,"column":7}},{"start":{"line":63,"column":6},"end":{"line":70,"column":7}}],"line":63},"3":{"loc":{"start":{"line":63,"column":10},"end":{"line":63,"column":35}},"type":"binary-expr","locations":[{"start":{"line":63,"column":10},"end":{"line":63,"column":18}},{"start":{"line":63,"column":22},"end":{"line":63,"column":35}}],"line":63},"4":{"loc":{"start":{"line":86,"column":6},"end":{"line":94,"column":7}},"type":"if","locations":[{"start":{"line":86,"column":6},"end":{"line":94,"column":7}},{"start":{"line":86,"column":6},"end":{"line":94,"column":7}}],"line":86},"5":{"loc":{"start":{"line":86,"column":10},"end":{"line":86,"column":35}},"type":"binary-expr","locations":[{"start":{"line":86,"column":10},"end":{"line":86,"column":18}},{"start":{"line":86,"column":22},"end":{"line":86,"column":35}}],"line":86},"6":{"loc":{"start":{"line":101,"column":2},"end":{"line":103,"column":3}},"type":"if","locations":[{"start":{"line":101,"column":2},"end":{"line":103,"column":3}},{"start":{"line":101,"column":2},"end":{"line":103,"column":3}}],"line":101},"7":{"loc":{"start":{"line":101,"column":6},"end":{"line":101,"column":30}},"type":"binary-expr","locations":[{"start":{"line":101,"column":6},"end":{"line":101,"column":13}},{"start":{"line":101,"column":17},"end":{"line":101,"column":30}}],"line":101},"8":{"loc":{"start":{"line":128,"column":8},"end":{"line":143,"column":10}},"type":"cond-expr","locations":[{"start":{"line":129,"column":10},"end":{"line":134,"column":10}},{"start":{"line":135,"column":10},"end":{"line":143,"column":10}}],"line":128},"9":{"loc":{"start":{"line":130,"column":29},"end":{"line":130,"column":75}},"type":"binary-expr","locations":[{"start":{"line":130,"column":29},"end":{"line":130,"column":49}},{"start":{"line":130,"column":53},"end":{"line":130,"column":75}}],"line":130}},"s":{"0":0,"1":0,"2":0,"3":0,"4":0,"5":0,"6":0,"7":0,"8":0,"9":0,"10":0,"11":0,"12":0,"13":0,"14":0,"15":0,"16":0,"17":0,"18":0,"19":0,"20":0,"21":0,"22":0,"23":0,"24":0,"25":0,"26":0,"27":0,"28":0,"29":0,"30":0,"31":0,"32":0,"33":0,"34":0,"35":0,"36":0,"37":0,"38":0,"39":0,"40":0,"41":0,"42":0,"43":0,"44":0,"45":0,"46":0,"47":0,"48":0,"49":0,"50":0,"51":0,"52":0,"53":0,"54":0,"55":0,"56":0,"57":0,"58":0,"59":0,"60":0,"61":0,"62":0,"63":0,"64":0,"65":0,"66":0,"67":0,"68":0,"69":0,"70":0,"71":0},"f":{"0":0,"1":0,"2":0,"3":0,"4":0,"5":0,"6":0,"7":0,"8":0,"9":0,"10":0,"11":0,"12":0,"13":0,"14":0,"15":0,"16":0,"17":0,"18":0,"19":0,"20":0},"b":{"0":[0,0],"1":[0,0],"2":[0,0],"3":[0,0],"4":[0,0],"5":[0,0],"6":[0,0],"7":[0,0],"8":[0,0],"9":[0,0]},"hash":"ef7e550a66bd91eb00a45c35120e2618b6cd135a"}
,"C:\\Users\\user\\Desktop\\projects\\finance-tracker\\web\\src\\pages\\Home.tsx": {"path":"C:\\Users\\user\\Desktop\\projects\\finance-tracker\\web\\src\\pages\\Home.tsx","statementMap":{"0":{"start":{"line":13,"column":30},"end":{"line":59,"column":1}},"1":{"start":{"line":14,"column":19},"end":{"line":14,"column":65}},"2":{"start":{"line":16,"column":2},"end":{"line":18,"column":3}},"3":{"start":{"line":17,"column":4},"end":{"line":17,"column":32}},"4":{"start":{"line":20,"column":2},"end":{"line":58,"column":4}}},"fnMap":{"0":{"name":"(anonymous_0)","decl":{"start":{"line":13,"column":30},"end":{"line":13,"column":31}},"loc":{"start":{"line":13,"column":36},"end":{"line":59,"column":1}},"line":13},"1":{"name":"(anonymous_1)","decl":{"start":{"line":29,"column":27},"end":{"line":29,"column":28}},"loc":{"start":{"line":29,"column":33},"end":{"line":30,"column":9}},"line":29},"2":{"name":"(anonymous_2)","decl":{"start":{"line":31,"column":28},"end":{"line":31,"column":29}},"loc":{"start":{"line":31,"column":34},"end":{"line":32,"column":9}},"line":31}},"branchMap":{"0":{"loc":{"start":{"line":16,"column":2},"end":{"line":18,"column":3}},"type":"if","locations":[{"start":{"line":16,"column":2},"end":{"line":18,"column":3}},{"start":{"line":16,"column":2},"end":{"line":18,"column":3}}],"line":16}},"s":{"0":0,"1":0,"2":0,"3":0,"4":0},"f":{"0":0,"1":0,"2":0},"b":{"0":[0,0]},"hash":"b53bc5713d67f4756bdf0a35034e270c535560c5"}
,"C:\\Users\\user\\Desktop\\projects\\finance-tracker\\web\\src\\tests\\utils\\findByTestAttr.ts": {"path":"C:\\Users\\user\\Desktop\\projects\\finance-tracker\\web\\src\\tests\\utils\\findByTestAttr.ts","statementMap":{"0":{"start":{"line":1,"column":30},"end":{"line":4,"column":1}},"1":{"start":{"line":2,"column":18},"end":{"line":2,"column":57}},"2":{"start":{"line":3,"column":2},"end":{"line":3,"column":17}}},"fnMap":{"0":{"name":"(anonymous_0)","decl":{"start":{"line":1,"column":30},"end":{"line":1,"column":31}},"loc":{"start":{"line":1,"column":64},"end":{"line":4,"column":1}},"line":1}},"branchMap":{},"s":{"0":6,"1":14,"2":14},"f":{"0":14},"b":{},"_coverageSchema":"43e27e138ebf9cfc5966b082cf9a028302ed4184","hash":"bb2c60d71103d9d90e194efedb893028e8b709fb"}
,"C:\\Users\\user\\Desktop\\projects\\finance-tracker\\web\\src\\utils\\useWindowSize.ts": {"path":"C:\\Users\\user\\Desktop\\projects\\finance-tracker\\web\\src\\utils\\useWindowSize.ts","statementMap":{"0":{"start":{"line":3,"column":29},"end":{"line":16,"column":1}},"1":{"start":{"line":4,"column":26},"end":{"line":4,"column":42}},"2":{"start":{"line":6,"column":2},"end":{"line":13,"column":9}},"3":{"start":{"line":8,"column":6},"end":{"line":8,"column":55}},"4":{"start":{"line":10,"column":4},"end":{"line":10,"column":50}},"5":{"start":{"line":11,"column":4},"end":{"line":11,"column":17}},"6":{"start":{"line":12,"column":4},"end":{"line":12,"column":66}},"7":{"start":{"line":12,"column":17},"end":{"line":12,"column":65}},"8":{"start":{"line":15,"column":2},"end":{"line":15,"column":14}}},"fnMap":{"0":{"name":"(anonymous_0)","decl":{"start":{"line":3,"column":29},"end":{"line":3,"column":30}},"loc":{"start":{"line":3,"column":35},"end":{"line":16,"column":1}},"line":3},"1":{"name":"(anonymous_1)","decl":{"start":{"line":6,"column":18},"end":{"line":6,"column":19}},"loc":{"start":{"line":6,"column":24},"end":{"line":13,"column":3}},"line":6},"2":{"name":"updateSize","decl":{"start":{"line":7,"column":13},"end":{"line":7,"column":23}},"loc":{"start":{"line":7,"column":26},"end":{"line":9,"column":5}},"line":7},"3":{"name":"(anonymous_3)","decl":{"start":{"line":12,"column":11},"end":{"line":12,"column":12}},"loc":{"start":{"line":12,"column":17},"end":{"line":12,"column":65}},"line":12}},"branchMap":{},"s":{"0":1,"1":2,"2":2,"3":0,"4":0,"5":0,"6":0,"7":0,"8":2},"f":{"0":2,"1":0,"2":0,"3":0},"b":{},"_coverageSchema":"43e27e138ebf9cfc5966b082cf9a028302ed4184","hash":"27dab507b5778e947bdd4ed412f291856482bcad"}
}
