TN:
SF:C:\Users\user\Desktop\projects\finance-tracker\web\src\Routes.tsx
FN:12,(anonymous_0)
FNF:1
FNH:0
FNDA:0,(anonymous_0)
DA:12,0
DA:13,0
LF:2
LH:0
BRF:0
BRH:0
end_of_record
TN:
SF:C:\Users\user\Desktop\projects\finance-tracker\web\src\constants.tsx
FNF:0
FNH:0
DA:1,0
DA:2,0
DA:3,0
DA:4,0
LF:4
LH:0
BRF:0
BRH:0
end_of_record
TN:
SF:C:\Users\user\Desktop\projects\finance-tracker\web\src\components\button\FabButton.tsx
FN:11,(anonymous_0)
FN:27,(anonymous_1)
FN:31,(anonymous_2)
FNF:3
FNH:3
FNDA:1,(anonymous_0)
FNDA:2,(anonymous_1)
FNDA:1,(anonymous_2)
DA:11,1
DA:12,1
DA:27,1
DA:28,2
DA:30,2
DA:31,1
LF:6
LH:6
BRF:0
BRH:0
end_of_record
TN:
SF:C:\Users\user\Desktop\projects\finance-tracker\web\src\components\button\TwoRowButtons.tsx
FN:15,(anonymous_0)
FN:21,(anonymous_1)
FN:30,(anonymous_2)
FNF:3
FNH:3
FNDA:4,(anonymous_0)
FNDA:1,(anonymous_1)
FNDA:1,(anonymous_2)
DA:15,1
DA:16,4
DA:21,1
DA:30,1
LF:4
LH:4
BRF:0
BRH:0
end_of_record
TN:
SF:C:\Users\user\Desktop\projects\finance-tracker\web\src\components\card\ChartCard.tsx
FN:21,(anonymous_0)
FNF:1
FNH:1
FNDA:1,(anonymous_0)
DA:11,1
DA:21,1
DA:22,1
DA:24,1
LF:4
LH:4
BRF:0
BRH:0
end_of_record
TN:
SF:C:\Users\user\Desktop\projects\finance-tracker\web\src\components\card\StatisticCard.tsx
FN:28,(anonymous_0)
FNF:1
FNH:1
FNDA:1,(anonymous_0)
DA:14,1
DA:28,1
DA:29,1
DA:31,1
LF:4
LH:4
BRF:0
BRH:0
end_of_record
TN:
SF:C:\Users\user\Desktop\projects\finance-tracker\web\src\components\category\CategoryCard.tsx
FN:28,(anonymous_0)
FN:50,(anonymous_1)
FN:53,(anonymous_2)
FNF:3
FNH:3
FNDA:3,(anonymous_0)
FNDA:1,(anonymous_1)
FNDA:1,(anonymous_2)
DA:19,1
DA:28,1
DA:29,3
DA:31,3
DA:50,1
DA:53,1
LF:6
LH:6
BRF:0
BRH:0
end_of_record
TN:
SF:C:\Users\user\Desktop\projects\finance-tracker\web\src\components\category\CategorySearch.tsx
FN:13,(anonymous_0)
FN:21,(anonymous_1)
FN:27,(anonymous_2)
FNF:3
FNH:3
FNDA:9,(anonymous_0)
FNDA:1,(anonymous_1)
FNDA:1,(anonymous_2)
DA:13,1
DA:14,9
DA:21,1
DA:27,1
LF:4
LH:4
BRDA:30,0,0,9
BRDA:30,0,1,8
BRDA:30,0,2,7
BRF:3
BRH:3
end_of_record
TN:
SF:C:\Users\user\Desktop\projects\finance-tracker\web\src\components\chart\CustomBarChart.tsx
FN:45,(anonymous_0)
FNF:1
FNH:0
FNDA:0,(anonymous_0)
DA:6,0
DA:45,0
DA:46,0
DA:48,0
LF:4
LH:0
BRDA:51,0,0,0
BRDA:51,0,1,0
BRF:2
BRH:0
end_of_record
TN:
SF:C:\Users\user\Desktop\projects\finance-tracker\web\src\components\chart\CustomPieChart.tsx
FN:16,(anonymous_0)
FN:31,(anonymous_1)
FN:49,(anonymous_2)
FNF:3
FNH:0
FNDA:0,(anonymous_0)
FNDA:0,(anonymous_1)
FNDA:0,(anonymous_2)
DA:6,0
DA:13,0
DA:15,0
DA:16,0
DA:20,0
DA:21,0
DA:22,0
DA:24,0
DA:31,0
DA:32,0
DA:34,0
DA:50,0
LF:12
LH:0
BRDA:25,0,0,0
BRDA:25,0,1,0
BRDA:44,1,0,0
BRDA:44,1,1,0
BRF:4
BRH:0
end_of_record
TN:
SF:C:\Users\user\Desktop\projects\finance-tracker\web\src\components\dialog\AddUpdateCategoryDialog.tsx
FN:21,(anonymous_0)
FN:33,(anonymous_1)
FN:40,(anonymous_2)
FN:48,(anonymous_3)
FN:62,(anonymous_4)
FN:71,(anonymous_5)
FN:81,(anonymous_6)
FN:91,(anonymous_7)
FNF:8
FNH:0
FNDA:0,(anonymous_0)
FNDA:0,(anonymous_1)
FNDA:0,(anonymous_2)
FNDA:0,(anonymous_3)
FNDA:0,(anonymous_4)
FNDA:0,(anonymous_5)
FNDA:0,(anonymous_6)
FNDA:0,(anonymous_7)
DA:21,0
DA:30,0
DA:31,0
DA:33,0
DA:34,0
DA:35,0
DA:36,0
DA:40,0
DA:41,0
DA:42,0
DA:46,0
DA:49,0
DA:50,0
DA:62,0
DA:71,0
DA:82,0
DA:83,0
DA:92,0
DA:93,0
DA:94,0
DA:96,0
LF:21
LH:0
BRDA:34,0,0,0
BRDA:34,0,1,0
BRDA:41,1,0,0
BRDA:41,1,1,0
BRDA:52,2,0,0
BRDA:52,2,1,0
BRDA:54,3,0,0
BRDA:54,3,1,0
BRDA:58,4,0,0
BRDA:58,4,1,0
BRDA:90,5,0,0
BRDA:90,5,1,0
BRDA:92,6,0,0
BRDA:92,6,1,0
BRF:14
BRH:0
end_of_record
TN:
SF:C:\Users\user\Desktop\projects\finance-tracker\web\src\components\dialog\ConfirmationDialog.tsx
FN:18,(anonymous_0)
FN:29,(anonymous_1)
FN:43,(anonymous_2)
FNF:3
FNH:0
FNDA:0,(anonymous_0)
FNDA:0,(anonymous_1)
FNDA:0,(anonymous_2)
DA:18,0
DA:27,0
DA:30,0
DA:44,0
LF:4
LH:0
BRDA:32,0,0,0
BRDA:32,0,1,0
BRF:2
BRH:0
end_of_record
TN:
SF:C:\Users\user\Desktop\projects\finance-tracker\web\src\components\home\HomeCardSection.tsx
FN:8,(anonymous_0)
FNF:1
FNH:0
FNDA:0,(anonymous_0)
DA:8,0
DA:10,0
LF:2
LH:0
BRF:0
BRH:0
end_of_record
TN:
SF:C:\Users\user\Desktop\projects\finance-tracker\web\src\components\layout\PageHeader.tsx
FN:9,(anonymous_0)
FNF:1
FNH:1
FNDA:2,(anonymous_0)
DA:9,1
DA:11,2
LF:2
LH:2
BRF:0
BRH:0
end_of_record
TN:
SF:C:\Users\user\Desktop\projects\finance-tracker\web\src\components\layout\SiteWrapper.tsx
FN:29,(anonymous_0)
FN:111,(anonymous_1)
FN:114,(anonymous_2)
FN:131,(anonymous_3)
FN:145,(anonymous_4)
FN:152,(anonymous_5)
FN:159,(anonymous_6)
FN:163,(anonymous_7)
FN:167,(anonymous_8)
FN:176,(anonymous_9)
FN:197,(anonymous_10)
FN:252,(anonymous_11)
FN:262,(anonymous_12)
FNF:13
FNH:5
FNDA:1,(anonymous_0)
FNDA:2,(anonymous_1)
FNDA:6,(anonymous_2)
FNDA:6,(anonymous_3)
FNDA:2,(anonymous_4)
FNDA:0,(anonymous_5)
FNDA:0,(anonymous_6)
FNDA:0,(anonymous_7)
FNDA:0,(anonymous_8)
FNDA:0,(anonymous_9)
FNDA:0,(anonymous_10)
FNDA:0,(anonymous_11)
FNDA:0,(anonymous_12)
DA:27,1
DA:29,1
DA:30,1
DA:111,1
DA:112,2
DA:115,6
DA:132,6
DA:145,1
DA:146,2
DA:147,2
DA:148,2
DA:149,2
DA:150,2
DA:152,2
DA:153,0
DA:154,0
DA:155,0
DA:159,2
DA:160,0
DA:163,2
DA:164,0
DA:167,2
DA:168,0
DA:169,0
DA:170,0
DA:173,0
DA:176,2
DA:177,0
DA:180,2
DA:184,2
DA:197,0
DA:252,0
DA:262,0
LF:33
LH:20
BRDA:92,0,0,0
BRDA:92,0,1,1
BRDA:93,1,0,0
BRDA:93,1,1,1
BRDA:153,2,0,0
BRDA:153,2,1,0
BRDA:153,3,0,0
BRDA:153,3,1,0
BRDA:168,4,0,0
BRDA:168,4,1,0
BRDA:177,5,0,0
BRDA:177,5,1,0
BRDA:180,6,0,0
BRDA:180,6,1,2
BRDA:197,7,0,0
BRDA:197,7,1,0
BRDA:230,8,0,0
BRDA:230,8,1,2
BRDA:245,9,0,0
BRDA:245,9,1,0
BRF:20
BRH:4
end_of_record
TN:
SF:C:\Users\user\Desktop\projects\finance-tracker\web\src\components\tables\ExpenseTable.tsx
FN:17,createData
FN:29,(anonymous_1)
FN:43,(anonymous_2)
FNF:3
FNH:0
FNDA:0,createData
FNDA:0,(anonymous_1)
FNDA:0,(anonymous_2)
DA:11,0
DA:18,0
DA:21,0
DA:29,0
DA:30,0
DA:32,0
DA:44,0
LF:7
LH:0
BRF:0
BRH:0
end_of_record
TN:
SF:C:\Users\user\Desktop\projects\finance-tracker\web\src\generated\graphql.tsx
FN:239,useCreateCategoryMutation
FN:269,useDeleteCategoryMutation
FN:299,useCategoryByUserQuery
FN:302,useCategoryByUserLazyQuery
FN:335,useLoginMutation
FN:366,useRegisterMutation
FN:396,useUsersQuery
FN:399,useUsersLazyQuery
FNF:8
FNH:0
FNDA:0,useCreateCategoryMutation
FNDA:0,useDeleteCategoryMutation
FNDA:0,useCategoryByUserQuery
FNDA:0,useCategoryByUserLazyQuery
FNDA:0,useLoginMutation
FNDA:0,useRegisterMutation
FNDA:0,useUsersQuery
FNDA:0,useUsersLazyQuery
DA:212,0
DA:240,0
DA:245,0
DA:270,0
DA:275,0
DA:300,0
DA:303,0
DA:308,0
DA:336,0
DA:341,0
DA:367,0
DA:372,0
DA:397,0
DA:400,0
LF:14
LH:0
BRF:0
BRH:0
end_of_record
TN:
SF:C:\Users\user\Desktop\projects\finance-tracker\web\src\pages\CategoryPage.tsx
FN:24,(anonymous_0)
FN:38,(anonymous_1)
FN:40,(anonymous_2)
FN:44,(anonymous_3)
FN:49,(anonymous_4)
FN:54,(anonymous_5)
FN:59,(anonymous_6)
FN:77,(anonymous_7)
FN:81,(anonymous_8)
FN:89,(anonymous_9)
FN:93,(anonymous_10)
FN:111,(anonymous_11)
FN:113,(anonymous_12)
FN:119,(anonymous_13)
FN:132,(anonymous_14)
FN:133,(anonymous_15)
FN:141,(anonymous_16)
FN:142,(anonymous_17)
FN:146,(anonymous_18)
FN:152,(anonymous_19)
FN:156,(anonymous_20)
FNF:21
FNH:0
FNDA:0,(anonymous_0)
FNDA:0,(anonymous_1)
FNDA:0,(anonymous_2)
FNDA:0,(anonymous_3)
FNDA:0,(anonymous_4)
FNDA:0,(anonymous_5)
FNDA:0,(anonymous_6)
FNDA:0,(anonymous_7)
FNDA:0,(anonymous_8)
FNDA:0,(anonymous_9)
FNDA:0,(anonymous_10)
FNDA:0,(anonymous_11)
FNDA:0,(anonymous_12)
FNDA:0,(anonymous_13)
FNDA:0,(anonymous_14)
FNDA:0,(anonymous_15)
FNDA:0,(anonymous_16)
FNDA:0,(anonymous_17)
FNDA:0,(anonymous_18)
FNDA:0,(anonymous_19)
FNDA:0,(anonymous_20)
DA:22,0
DA:24,0
DA:25,0
DA:26,0
DA:27,0
DA:28,0
DA:30,0
DA:31,0
DA:32,0
DA:33,0
DA:34,0
DA:35,0
DA:36,0
DA:38,0
DA:39,0
DA:40,0
DA:44,0
DA:45,0
DA:46,0
DA:49,0
DA:50,0
DA:51,0
DA:54,0
DA:55,0
DA:56,0
DA:59,0
DA:60,0
DA:61,0
DA:62,0
DA:63,0
DA:64,0
DA:65,0
DA:66,0
DA:67,0
DA:68,0
DA:69,0
DA:72,0
DA:73,0
DA:77,0
DA:78,0
DA:81,0
DA:82,0
DA:83,0
DA:84,0
DA:86,0
DA:87,0
DA:88,0
DA:89,0
DA:90,0
DA:91,0
DA:92,0
DA:93,0
DA:96,0
DA:97,0
DA:101,0
DA:102,0
DA:105,0
DA:111,0
DA:113,0
DA:119,0
DA:132,0
DA:133,0
DA:141,0
DA:142,0
DA:147,0
DA:153,0
DA:154,0
DA:157,0
DA:158,0
LF:69
LH:0
BRDA:39,0,0,0
BRDA:39,0,1,0
BRDA:39,1,0,0
BRDA:39,1,1,0
BRDA:63,2,0,0
BRDA:63,2,1,0
BRDA:63,3,0,0
BRDA:63,3,1,0
BRDA:86,4,0,0
BRDA:86,4,1,0
BRDA:86,5,0,0
BRDA:86,5,1,0
BRDA:101,6,0,0
BRDA:101,6,1,0
BRDA:101,7,0,0
BRDA:101,7,1,0
BRDA:128,8,0,0
BRDA:128,8,1,0
BRDA:130,9,0,0
BRDA:130,9,1,0
BRF:20
BRH:0
end_of_record
TN:
SF:C:\Users\user\Desktop\projects\finance-tracker\web\src\pages\Home.tsx
FN:13,(anonymous_0)
FN:29,(anonymous_1)
FN:31,(anonymous_2)
FNF:3
FNH:0
FNDA:0,(anonymous_0)
FNDA:0,(anonymous_1)
FNDA:0,(anonymous_2)
DA:13,0
DA:14,0
DA:16,0
DA:17,0
DA:20,0
LF:5
LH:0
BRDA:16,0,0,0
BRDA:16,0,1,0
BRF:2
BRH:0
end_of_record
TN:
SF:C:\Users\user\Desktop\projects\finance-tracker\web\src\tests\utils\findByTestAttr.ts
FN:1,(anonymous_0)
FNF:1
FNH:1
FNDA:14,(anonymous_0)
DA:1,6
DA:2,14
DA:3,14
LF:3
LH:3
BRF:0
BRH:0
end_of_record
TN:
SF:C:\Users\user\Desktop\projects\finance-tracker\web\src\utils\useWindowSize.ts
FN:3,(anonymous_0)
FN:6,(anonymous_1)
FN:7,updateSize
FN:12,(anonymous_3)
FNF:4
FNH:1
FNDA:2,(anonymous_0)
FNDA:0,(anonymous_1)
FNDA:0,updateSize
FNDA:0,(anonymous_3)
DA:3,1
DA:4,2
DA:6,2
DA:8,0
DA:10,0
DA:11,0
DA:12,0
DA:15,2
LF:8
LH:4
BRF:0
BRH:0
end_of_record
